[2022-07-27 20:52:04.994 +03:00  INF]  User profile is available. Using 'C:\Users\kshah\AppData\Local\ASP.NET\DataProtection-Keys' as key repository and Windows DPAPI to encrypt keys at rest.
[2022-07-27 20:52:06.295 +03:00  INF]  Now listening on: https://localhost:7266
[2022-07-27 20:52:06.295 +03:00  INF]  Now listening on: http://localhost:5266
[2022-07-27 20:52:06.300 +03:00  INF]  Application started. Press Ctrl+C to shut down.
[2022-07-27 20:52:06.300 +03:00  INF]  Hosting environment: Development
[2022-07-27 20:52:06.300 +03:00  INF]  Content root path: C:\Users\kshah\OneDrive\Documents\GitHub\HRM\HRM.WebApi\
[2022-07-27 20:52:12.777 +03:00  INF]  Request starting HTTP/2 GET https://localhost:7266/swagger/index.html - -
[2022-07-27 20:52:14.877 +03:00  INF]  Request finished HTTP/2 GET https://localhost:7266/swagger/index.html - - - 200 - text/html;charset=utf-8 2105.8004ms
[2022-07-27 20:52:15.977 +03:00  INF]  Request starting HTTP/2 GET https://localhost:7266/_framework/aspnetcore-browser-refresh.js - -
[2022-07-27 20:52:15.985 +03:00  INF]  Request finished HTTP/2 GET https://localhost:7266/_framework/aspnetcore-browser-refresh.js - - - 200 11990 application/javascript;+charset=utf-8 8.1929ms
[2022-07-27 20:52:15.986 +03:00  INF]  Request starting HTTP/2 GET https://localhost:7266/_vs/browserLink - -
[2022-07-27 20:52:17.623 +03:00  INF]  Request finished HTTP/2 GET https://localhost:7266/_vs/browserLink - - - 200 - text/javascript;+charset=UTF-8 1637.3696ms
[2022-07-27 20:52:20.826 +03:00  INF]  Request starting HTTP/2 GET https://localhost:7266/swagger/v1/swagger.json - -
[2022-07-27 20:52:21.225 +03:00  INF]  Request finished HTTP/2 GET https://localhost:7266/swagger/v1/swagger.json - - - 200 - application/json;charset=utf-8 399.0800ms
[2022-07-27 20:52:50.885 +03:00  INF]  Request starting HTTP/1.1 POST https://localhost:7266/api/User/Login application/json;+charset=utf-8 -
[2022-07-27 20:52:53.564 +03:00  INF]  Executing endpoint 'Controllers.UserController.Login (HRM.WebApi)'
[2022-07-27 20:52:53.636 +03:00  INF]  Route matched with {action = "Login", controller = "User"}. Executing controller action with signature System.Threading.Tasks.Task`1[Microsoft.AspNetCore.Mvc.IActionResult] Login(HRM.Models.LoginDto) on controller Controllers.UserController (HRM.WebApi).
[2022-07-27 20:52:58.624 +03:00  INF]  Entity Framework Core 6.0.6 initialized 'HrmContext' using provider 'Microsoft.EntityFrameworkCore.SqlServer:6.0.6' with options: None
[2022-07-27 20:53:02.396 +03:00  INF]  Executed DbCommand (209ms) [Parameters=[@__loginDto_UserName_0='?' (Size = 100)], CommandType='"Text"', CommandTimeout='30']
SELECT TOP(1) [u].[ID], [u].[CreationDate], [u].[Email], [u].[JobTitle], [u].[ManagerID], [u].[MobileNumber], [u].[Name], [u].[Password], [u].[Type]
FROM [Users] AS [u]
WHERE [u].[Email] = @__loginDto_UserName_0
[2022-07-27 20:53:02.729 +03:00  INF]  Executed DbCommand (52ms) [Parameters=[@__user_ManagerID_0='?' (DbType = Guid)], CommandType='"Text"', CommandTimeout='30']
SELECT TOP(1) [u].[ID], [u].[CreationDate], [u].[Email], [u].[JobTitle], [u].[ManagerID], [u].[MobileNumber], [u].[Name], [u].[Password], [u].[Type]
FROM [Users] AS [u]
WHERE ([u].[ID] = @__user_ManagerID_0) AND ([u].[Type] = 1)
[2022-07-27 20:53:04.277 +03:00  INF]  Executing OkObjectResult, writing value of type 'HRM.Models.LoginResponse'.
[2022-07-27 20:53:04.330 +03:00  INF]  Executed action Controllers.UserController.Login (HRM.WebApi) in 10684.9984ms
[2022-07-27 20:53:04.331 +03:00  INF]  Executed endpoint 'Controllers.UserController.Login (HRM.WebApi)'
[2022-07-27 20:53:04.340 +03:00  INF]  Request finished HTTP/1.1 POST https://localhost:7266/api/User/Login application/json;+charset=utf-8 - - 200 - application/json;+charset=utf-8 13454.2623ms
[2022-07-27 20:59:05.465 +03:00  INF]  User profile is available. Using 'C:\Users\kshah\AppData\Local\ASP.NET\DataProtection-Keys' as key repository and Windows DPAPI to encrypt keys at rest.
[2022-07-27 20:59:07.034 +03:00  INF]  Now listening on: https://localhost:7266
[2022-07-27 20:59:07.035 +03:00  INF]  Now listening on: http://localhost:5266
[2022-07-27 20:59:07.040 +03:00  INF]  Application started. Press Ctrl+C to shut down.
[2022-07-27 20:59:07.040 +03:00  INF]  Hosting environment: Development
[2022-07-27 20:59:07.040 +03:00  INF]  Content root path: C:\Users\kshah\OneDrive\Documents\GitHub\HRM\HRM.WebApi\
[2022-07-27 20:59:16.633 +03:00  INF]  Request starting HTTP/2 GET https://localhost:7266/swagger/index.html - -
[2022-07-27 20:59:43.564 +03:00  INF]  Request finished HTTP/2 GET https://localhost:7266/swagger/index.html - - - 200 - text/html;charset=utf-8 26936.0264ms
[2022-07-27 21:00:03.218 +03:00  INF]  Request starting HTTP/2 GET https://localhost:7266/_framework/aspnetcore-browser-refresh.js - -
[2022-07-27 21:00:03.221 +03:00  INF]  Request starting HTTP/2 GET https://localhost:7266/_vs/browserLink - -
[2022-07-27 21:00:03.225 +03:00  INF]  Request finished HTTP/2 GET https://localhost:7266/_framework/aspnetcore-browser-refresh.js - - - 200 11990 application/javascript;+charset=utf-8 6.7077ms
[2022-07-27 21:00:04.884 +03:00  INF]  Request finished HTTP/2 GET https://localhost:7266/_vs/browserLink - - - 200 - text/javascript;+charset=UTF-8 1662.0426ms
[2022-07-27 21:00:05.287 +03:00  INF]  Request starting HTTP/2 GET https://localhost:7266/swagger/v1/swagger.json - -
[2022-07-27 21:00:05.528 +03:00  INF]  Request finished HTTP/2 GET https://localhost:7266/swagger/v1/swagger.json - - - 200 - application/json;charset=utf-8 240.5848ms
[2022-07-27 21:00:14.568 +03:00  INF]  Request starting HTTP/1.1 POST https://localhost:7266/api/User/Login application/json;+charset=utf-8 -
[2022-07-27 21:00:14.753 +03:00  INF]  Executing endpoint 'Controllers.UserController.Login (HRM.WebApi)'
[2022-07-27 21:00:14.788 +03:00  INF]  Route matched with {action = "Login", controller = "User"}. Executing controller action with signature System.Threading.Tasks.Task`1[Microsoft.AspNetCore.Mvc.IActionResult] Login(HRM.Models.LoginDto) on controller Controllers.UserController (HRM.WebApi).
[2022-07-27 21:00:16.356 +03:00  INF]  Entity Framework Core 6.0.6 initialized 'HrmContext' using provider 'Microsoft.EntityFrameworkCore.SqlServer:6.0.6' with options: None
[2022-07-27 21:00:17.396 +03:00  INF]  Executed DbCommand (53ms) [Parameters=[@__loginDto_UserName_0='?' (Size = 100)], CommandType='"Text"', CommandTimeout='30']
SELECT TOP(1) [u].[ID], [u].[CreationDate], [u].[Email], [u].[JobTitle], [u].[ManagerID], [u].[MobileNumber], [u].[Name], [u].[Password], [u].[Type]
FROM [Users] AS [u]
WHERE [u].[Email] = @__loginDto_UserName_0
[2022-07-27 21:00:17.505 +03:00  INF]  Executed DbCommand (4ms) [Parameters=[@__user_ManagerID_0='?' (DbType = Guid)], CommandType='"Text"', CommandTimeout='30']
SELECT TOP(1) [u].[ID], [u].[CreationDate], [u].[Email], [u].[JobTitle], [u].[ManagerID], [u].[MobileNumber], [u].[Name], [u].[Password], [u].[Type]
FROM [Users] AS [u]
WHERE ([u].[ID] = @__user_ManagerID_0) AND ([u].[Type] = 1)
[2022-07-27 21:00:17.730 +03:00  INF]  Executing OkObjectResult, writing value of type 'HRM.Models.LoginResponse'.
[2022-07-27 21:00:17.774 +03:00  INF]  Executed action Controllers.UserController.Login (HRM.WebApi) in 2974.89ms
[2022-07-27 21:00:17.774 +03:00  INF]  Executed endpoint 'Controllers.UserController.Login (HRM.WebApi)'
[2022-07-27 21:00:17.781 +03:00  INF]  Request finished HTTP/1.1 POST https://localhost:7266/api/User/Login application/json;+charset=utf-8 - - 200 - application/json;+charset=utf-8 3212.9085ms
[2022-07-27 21:02:40.955 +03:00  INF]  User profile is available. Using 'C:\Users\kshah\AppData\Local\ASP.NET\DataProtection-Keys' as key repository and Windows DPAPI to encrypt keys at rest.
[2022-07-27 21:02:43.495 +03:00  INF]  Now listening on: https://localhost:7266
[2022-07-27 21:02:43.495 +03:00  INF]  Now listening on: http://localhost:5266
[2022-07-27 21:02:43.500 +03:00  INF]  Application started. Press Ctrl+C to shut down.
[2022-07-27 21:02:43.500 +03:00  INF]  Hosting environment: Development
[2022-07-27 21:02:43.500 +03:00  INF]  Content root path: C:\Users\kshah\OneDrive\Documents\GitHub\HRM\HRM.WebApi\
[2022-07-27 21:02:51.656 +03:00  INF]  Request starting HTTP/2 GET https://localhost:7266/swagger/index.html - -
[2022-07-27 21:02:54.483 +03:00  INF]  Request finished HTTP/2 GET https://localhost:7266/swagger/index.html - - - 200 - text/html;charset=utf-8 2836.5043ms
[2022-07-27 21:02:54.713 +03:00  INF]  Request starting HTTP/2 GET https://localhost:7266/_framework/aspnetcore-browser-refresh.js - -
[2022-07-27 21:02:54.779 +03:00  INF]  Request starting HTTP/2 GET https://localhost:7266/_vs/browserLink - -
[2022-07-27 21:02:54.784 +03:00  INF]  Request finished HTTP/2 GET https://localhost:7266/_framework/aspnetcore-browser-refresh.js - - - 200 11990 application/javascript;+charset=utf-8 76.0189ms
[2022-07-27 21:02:55.863 +03:00  INF]  Request finished HTTP/2 GET https://localhost:7266/_vs/browserLink - - - 200 - text/javascript;+charset=UTF-8 1083.7619ms
[2022-07-27 21:02:56.355 +03:00  INF]  Request starting HTTP/2 GET https://localhost:7266/swagger/v1/swagger.json - -
[2022-07-27 21:02:56.823 +03:00  INF]  Request finished HTTP/2 GET https://localhost:7266/swagger/v1/swagger.json - - - 200 - application/json;charset=utf-8 468.3505ms
[2022-07-27 21:03:45.678 +03:00  INF]  Request starting HTTP/1.1 POST https://localhost:7266/api/User/Login application/json;+charset=utf-8 -
[2022-07-27 21:03:45.863 +03:00  INF]  Executing endpoint 'Controllers.UserController.Login (HRM.WebApi)'
[2022-07-27 21:03:45.925 +03:00  INF]  Route matched with {action = "Login", controller = "User"}. Executing controller action with signature System.Threading.Tasks.Task`1[Microsoft.AspNetCore.Mvc.IActionResult] Login(HRM.Models.LoginDto) on controller Controllers.UserController (HRM.WebApi).
[2022-07-27 21:03:47.495 +03:00  INF]  Entity Framework Core 6.0.6 initialized 'HrmContext' using provider 'Microsoft.EntityFrameworkCore.SqlServer:6.0.6' with options: None
[2022-07-27 21:03:48.631 +03:00  INF]  Executed DbCommand (95ms) [Parameters=[@__loginDto_UserName_0='?' (Size = 100)], CommandType='"Text"', CommandTimeout='30']
SELECT TOP(1) [u].[ID], [u].[CreationDate], [u].[Email], [u].[JobTitle], [u].[ManagerID], [u].[MobileNumber], [u].[Name], [u].[Password], [u].[Type]
FROM [Users] AS [u]
WHERE [u].[Email] = @__loginDto_UserName_0
[2022-07-27 21:03:48.783 +03:00  INF]  Executed DbCommand (6ms) [Parameters=[@__user_ManagerID_0='?' (DbType = Guid)], CommandType='"Text"', CommandTimeout='30']
SELECT TOP(1) [u].[ID], [u].[CreationDate], [u].[Email], [u].[JobTitle], [u].[ManagerID], [u].[MobileNumber], [u].[Name], [u].[Password], [u].[Type]
FROM [Users] AS [u]
WHERE ([u].[ID] = @__user_ManagerID_0) AND ([u].[Type] = 1)
[2022-07-27 21:03:49.017 +03:00  INF]  Executing OkObjectResult, writing value of type 'HRM.Models.LoginResponse'.
[2022-07-27 21:03:49.058 +03:00  INF]  Executed action Controllers.UserController.Login (HRM.WebApi) in 3122.6786ms
[2022-07-27 21:03:49.059 +03:00  INF]  Executed endpoint 'Controllers.UserController.Login (HRM.WebApi)'
[2022-07-27 21:03:49.069 +03:00  INF]  Request finished HTTP/1.1 POST https://localhost:7266/api/User/Login application/json;+charset=utf-8 - - 200 - application/json;+charset=utf-8 3391.6351ms
[2022-07-27 21:07:35.766 +03:00  INF]  User profile is available. Using 'C:\Users\kshah\AppData\Local\ASP.NET\DataProtection-Keys' as key repository and Windows DPAPI to encrypt keys at rest.
[2022-07-27 21:07:36.411 +03:00  INF]  Now listening on: https://localhost:7266
[2022-07-27 21:07:36.411 +03:00  INF]  Now listening on: http://localhost:5266
[2022-07-27 21:07:36.416 +03:00  INF]  Application started. Press Ctrl+C to shut down.
[2022-07-27 21:07:36.416 +03:00  INF]  Hosting environment: Development
[2022-07-27 21:07:36.416 +03:00  INF]  Content root path: C:\Users\kshah\OneDrive\Documents\GitHub\HRM\HRM.WebApi\
[2022-07-27 21:07:38.193 +03:00  INF]  Request starting HTTP/2 GET https://localhost:7266/swagger/index.html - -
[2022-07-27 21:07:47.918 +03:00  INF]  Request finished HTTP/2 GET https://localhost:7266/swagger/index.html - - - 200 - text/html;charset=utf-8 9729.1750ms
[2022-07-27 21:07:53.906 +03:00  INF]  Request starting HTTP/2 GET https://localhost:7266/_framework/aspnetcore-browser-refresh.js - -
[2022-07-27 21:07:53.916 +03:00  INF]  Request finished HTTP/2 GET https://localhost:7266/_framework/aspnetcore-browser-refresh.js - - - 200 11990 application/javascript;+charset=utf-8 10.2598ms
[2022-07-27 21:07:54.068 +03:00  INF]  Request starting HTTP/2 GET https://localhost:7266/_vs/browserLink - -
[2022-07-27 21:07:54.170 +03:00  INF]  Request finished HTTP/2 GET https://localhost:7266/_vs/browserLink - - - 200 - text/javascript;+charset=UTF-8 101.3434ms
[2022-07-27 21:07:59.265 +03:00  INF]  Request starting HTTP/2 GET https://localhost:7266/swagger/v1/swagger.json - -
[2022-07-27 21:07:59.695 +03:00  INF]  Request finished HTTP/2 GET https://localhost:7266/swagger/v1/swagger.json - - - 200 - application/json;charset=utf-8 429.5143ms
[2022-07-27 21:08:02.120 +03:00  INF]  Request starting HTTP/1.1 POST https://localhost:7266/api/User/Login application/json;+charset=utf-8 -
[2022-07-27 21:08:02.368 +03:00  INF]  Executing endpoint 'Controllers.UserController.Login (HRM.WebApi)'
[2022-07-27 21:08:02.422 +03:00  INF]  Route matched with {action = "Login", controller = "User"}. Executing controller action with signature System.Threading.Tasks.Task`1[Microsoft.AspNetCore.Mvc.IActionResult] Login(HRM.Models.LoginDto) on controller Controllers.UserController (HRM.WebApi).
[2022-07-27 21:08:04.465 +03:00  INF]  Entity Framework Core 6.0.6 initialized 'HrmContext' using provider 'Microsoft.EntityFrameworkCore.SqlServer:6.0.6' with options: None
[2022-07-27 21:08:06.214 +03:00  INF]  Executed DbCommand (88ms) [Parameters=[@__loginDto_UserName_0='?' (Size = 100)], CommandType='"Text"', CommandTimeout='30']
SELECT TOP(1) [u].[ID], [u].[CreationDate], [u].[Email], [u].[JobTitle], [u].[ManagerID], [u].[MobileNumber], [u].[Name], [u].[Password], [u].[Type]
FROM [Users] AS [u]
WHERE [u].[Email] = @__loginDto_UserName_0
[2022-07-27 21:08:06.420 +03:00  INF]  Executed DbCommand (6ms) [Parameters=[@__user_ManagerID_0='?' (DbType = Guid)], CommandType='"Text"', CommandTimeout='30']
SELECT TOP(1) [u].[ID], [u].[CreationDate], [u].[Email], [u].[JobTitle], [u].[ManagerID], [u].[MobileNumber], [u].[Name], [u].[Password], [u].[Type]
FROM [Users] AS [u]
WHERE ([u].[ID] = @__user_ManagerID_0) AND ([u].[Type] = 1)
[2022-07-27 21:08:06.679 +03:00  INF]  Executing OkObjectResult, writing value of type 'HRM.Models.LoginResponse'.
[2022-07-27 21:08:06.735 +03:00  INF]  Executed action Controllers.UserController.Login (HRM.WebApi) in 4301.8657ms
[2022-07-27 21:08:06.735 +03:00  INF]  Executed endpoint 'Controllers.UserController.Login (HRM.WebApi)'
[2022-07-27 21:08:06.745 +03:00  INF]  Request finished HTTP/1.1 POST https://localhost:7266/api/User/Login application/json;+charset=utf-8 - - 200 - application/json;+charset=utf-8 4624.4178ms
[2022-07-27 21:09:55.290 +03:00  INF]  User profile is available. Using 'C:\Users\kshah\AppData\Local\ASP.NET\DataProtection-Keys' as key repository and Windows DPAPI to encrypt keys at rest.
[2022-07-27 21:09:57.044 +03:00  INF]  Now listening on: https://localhost:7266
[2022-07-27 21:09:57.044 +03:00  INF]  Now listening on: http://localhost:5266
[2022-07-27 21:09:57.049 +03:00  INF]  Application started. Press Ctrl+C to shut down.
[2022-07-27 21:09:57.049 +03:00  INF]  Hosting environment: Development
[2022-07-27 21:09:57.049 +03:00  INF]  Content root path: C:\Users\kshah\OneDrive\Documents\GitHub\HRM\HRM.WebApi\
[2022-07-27 21:10:07.074 +03:00  INF]  Request starting HTTP/2 GET https://localhost:7266/swagger/index.html - -
[2022-07-27 21:10:11.537 +03:00  INF]  Request finished HTTP/2 GET https://localhost:7266/swagger/index.html - - - 200 - text/html;charset=utf-8 4466.4237ms
[2022-07-27 21:10:11.558 +03:00  INF]  Request starting HTTP/2 GET https://localhost:7266/_framework/aspnetcore-browser-refresh.js - -
[2022-07-27 21:10:11.565 +03:00  INF]  Request finished HTTP/2 GET https://localhost:7266/_framework/aspnetcore-browser-refresh.js - - - 200 11990 application/javascript;+charset=utf-8 7.2423ms
[2022-07-27 21:10:11.590 +03:00  INF]  Request starting HTTP/2 GET https://localhost:7266/_vs/browserLink - -
[2022-07-27 21:10:11.687 +03:00  INF]  Request finished HTTP/2 GET https://localhost:7266/_vs/browserLink - - - 200 - text/javascript;+charset=UTF-8 96.6326ms
[2022-07-27 21:10:11.920 +03:00  INF]  Request starting HTTP/2 GET https://localhost:7266/swagger/v1/swagger.json - -
[2022-07-27 21:10:12.177 +03:00  INF]  Request finished HTTP/2 GET https://localhost:7266/swagger/v1/swagger.json - - - 200 - application/json;charset=utf-8 257.1795ms
[2022-07-27 21:10:16.860 +03:00  INF]  Request starting HTTP/1.1 POST https://localhost:7266/api/User/Login application/json;+charset=utf-8 -
[2022-07-27 21:10:16.860 +03:00  INF]  Request starting HTTP/1.1 POST https://localhost:7266/api/User/Login application/json;+charset=utf-8 -
[2022-07-27 21:10:16.978 +03:00  INF]  Executing endpoint 'Controllers.UserController.Login (HRM.WebApi)'
[2022-07-27 21:10:16.979 +03:00  INF]  Executing endpoint 'Controllers.UserController.Login (HRM.WebApi)'
[2022-07-27 21:10:17.027 +03:00  INF]  Route matched with {action = "Login", controller = "User"}. Executing controller action with signature System.Threading.Tasks.Task`1[Microsoft.AspNetCore.Mvc.IActionResult] Login(HRM.Models.LoginDto) on controller Controllers.UserController (HRM.WebApi).
[2022-07-27 21:10:17.027 +03:00  INF]  Route matched with {action = "Login", controller = "User"}. Executing controller action with signature System.Threading.Tasks.Task`1[Microsoft.AspNetCore.Mvc.IActionResult] Login(HRM.Models.LoginDto) on controller Controllers.UserController (HRM.WebApi).
[2022-07-27 21:10:18.286 +03:00  INF]  Entity Framework Core 6.0.6 initialized 'HrmContext' using provider 'Microsoft.EntityFrameworkCore.SqlServer:6.0.6' with options: None
[2022-07-27 21:10:18.286 +03:00  INF]  Entity Framework Core 6.0.6 initialized 'HrmContext' using provider 'Microsoft.EntityFrameworkCore.SqlServer:6.0.6' with options: None
[2022-07-27 21:10:19.044 +03:00  INF]  Executed DbCommand (55ms) [Parameters=[@__loginDto_UserName_0='?' (Size = 100)], CommandType='"Text"', CommandTimeout='30']
SELECT TOP(1) [u].[ID], [u].[CreationDate], [u].[Email], [u].[JobTitle], [u].[ManagerID], [u].[MobileNumber], [u].[Name], [u].[Password], [u].[Type]
FROM [Users] AS [u]
WHERE [u].[Email] = @__loginDto_UserName_0
[2022-07-27 21:10:19.044 +03:00  INF]  Executed DbCommand (52ms) [Parameters=[@__loginDto_UserName_0='?' (Size = 100)], CommandType='"Text"', CommandTimeout='30']
SELECT TOP(1) [u].[ID], [u].[CreationDate], [u].[Email], [u].[JobTitle], [u].[ManagerID], [u].[MobileNumber], [u].[Name], [u].[Password], [u].[Type]
FROM [Users] AS [u]
WHERE [u].[Email] = @__loginDto_UserName_0
[2022-07-27 21:10:19.171 +03:00  INF]  Executed DbCommand (4ms) [Parameters=[@__user_ManagerID_0='?' (DbType = Guid)], CommandType='"Text"', CommandTimeout='30']
SELECT TOP(1) [u].[ID], [u].[CreationDate], [u].[Email], [u].[JobTitle], [u].[ManagerID], [u].[MobileNumber], [u].[Name], [u].[Password], [u].[Type]
FROM [Users] AS [u]
WHERE ([u].[ID] = @__user_ManagerID_0) AND ([u].[Type] = 1)
[2022-07-27 21:10:19.171 +03:00  INF]  Executed DbCommand (4ms) [Parameters=[@__user_ManagerID_0='?' (DbType = Guid)], CommandType='"Text"', CommandTimeout='30']
SELECT TOP(1) [u].[ID], [u].[CreationDate], [u].[Email], [u].[JobTitle], [u].[ManagerID], [u].[MobileNumber], [u].[Name], [u].[Password], [u].[Type]
FROM [Users] AS [u]
WHERE ([u].[ID] = @__user_ManagerID_0) AND ([u].[Type] = 1)
[2022-07-27 21:10:19.345 +03:00  INF]  Executing OkObjectResult, writing value of type 'HRM.Models.LoginResponse'.
[2022-07-27 21:10:19.345 +03:00  INF]  Executing OkObjectResult, writing value of type 'HRM.Models.LoginResponse'.
[2022-07-27 21:10:19.375 +03:00  INF]  Executed action Controllers.UserController.Login (HRM.WebApi) in 2341.3066ms
[2022-07-27 21:10:19.375 +03:00  INF]  Executed action Controllers.UserController.Login (HRM.WebApi) in 2341.3202ms
[2022-07-27 21:10:19.376 +03:00  INF]  Executed endpoint 'Controllers.UserController.Login (HRM.WebApi)'
[2022-07-27 21:10:19.376 +03:00  INF]  Executed endpoint 'Controllers.UserController.Login (HRM.WebApi)'
[2022-07-27 21:10:19.383 +03:00  INF]  Request finished HTTP/1.1 POST https://localhost:7266/api/User/Login application/json;+charset=utf-8 - - 200 - application/json;+charset=utf-8 2522.7922ms
[2022-07-27 21:10:19.383 +03:00  INF]  Request finished HTTP/1.1 POST https://localhost:7266/api/User/Login application/json;+charset=utf-8 - - 200 - application/json;+charset=utf-8 2522.6658ms
[2022-07-27 21:12:31.693 +03:00  INF]  User profile is available. Using 'C:\Users\kshah\AppData\Local\ASP.NET\DataProtection-Keys' as key repository and Windows DPAPI to encrypt keys at rest.
[2022-07-27 21:12:33.108 +03:00  INF]  Now listening on: https://localhost:7266
[2022-07-27 21:12:33.108 +03:00  INF]  Now listening on: http://localhost:5266
[2022-07-27 21:12:33.113 +03:00  INF]  Application started. Press Ctrl+C to shut down.
[2022-07-27 21:12:33.113 +03:00  INF]  Hosting environment: Development
[2022-07-27 21:12:33.113 +03:00  INF]  Content root path: C:\Users\kshah\OneDrive\Documents\GitHub\HRM\HRM.WebApi\
[2022-07-27 21:13:18.351 +03:00  INF]  Request starting HTTP/2 GET https://localhost:7266/swagger/index.html - -
[2022-07-27 21:13:18.777 +03:00  INF]  Request finished HTTP/2 GET https://localhost:7266/swagger/index.html - - - 200 - text/html;charset=utf-8 432.6711ms
[2022-07-27 21:13:18.811 +03:00  INF]  Request starting HTTP/2 GET https://localhost:7266/_framework/aspnetcore-browser-refresh.js - -
[2022-07-27 21:13:18.817 +03:00  INF]  Request finished HTTP/2 GET https://localhost:7266/_framework/aspnetcore-browser-refresh.js - - - 200 11990 application/javascript;+charset=utf-8 6.0514ms
[2022-07-27 21:13:18.845 +03:00  INF]  Request starting HTTP/2 GET https://localhost:7266/_vs/browserLink - -
[2022-07-27 21:13:18.893 +03:00  INF]  Request finished HTTP/2 GET https://localhost:7266/_vs/browserLink - - - 200 - text/javascript;+charset=UTF-8 47.9785ms
[2022-07-27 21:13:19.848 +03:00  INF]  Request starting HTTP/2 GET https://localhost:7266/swagger/v1/swagger.json - -
[2022-07-27 21:13:20.092 +03:00  INF]  Request finished HTTP/2 GET https://localhost:7266/swagger/v1/swagger.json - - - 200 - application/json;charset=utf-8 243.3048ms
[2022-07-27 21:13:26.127 +03:00  INF]  Request starting HTTP/1.1 POST https://localhost:7266/api/User/Login application/json;+charset=utf-8 -
[2022-07-27 21:13:26.265 +03:00  INF]  Executing endpoint 'Controllers.UserController.Login (HRM.WebApi)'
[2022-07-27 21:13:26.297 +03:00  INF]  Route matched with {action = "Login", controller = "User"}. Executing controller action with signature System.Threading.Tasks.Task`1[Microsoft.AspNetCore.Mvc.IActionResult] Login(HRM.Models.LoginDto) on controller Controllers.UserController (HRM.WebApi).
[2022-07-27 21:13:27.490 +03:00  INF]  Entity Framework Core 6.0.6 initialized 'HrmContext' using provider 'Microsoft.EntityFrameworkCore.SqlServer:6.0.6' with options: None
[2022-07-27 21:13:28.233 +03:00  INF]  Executed DbCommand (43ms) [Parameters=[@__loginDto_UserName_0='?' (Size = 100)], CommandType='"Text"', CommandTimeout='30']
SELECT TOP(1) [u].[ID], [u].[CreationDate], [u].[Email], [u].[JobTitle], [u].[ManagerID], [u].[MobileNumber], [u].[Name], [u].[Password], [u].[Type]
FROM [Users] AS [u]
WHERE [u].[Email] = @__loginDto_UserName_0
[2022-07-27 21:13:28.341 +03:00  INF]  Executed DbCommand (3ms) [Parameters=[@__user_ManagerID_0='?' (DbType = Guid)], CommandType='"Text"', CommandTimeout='30']
SELECT TOP(1) [u].[ID], [u].[CreationDate], [u].[Email], [u].[JobTitle], [u].[ManagerID], [u].[MobileNumber], [u].[Name], [u].[Password], [u].[Type]
FROM [Users] AS [u]
WHERE ([u].[ID] = @__user_ManagerID_0) AND ([u].[Type] = 1)
[2022-07-27 21:13:28.493 +03:00  INF]  Executing OkObjectResult, writing value of type 'HRM.Models.LoginResponse'.
[2022-07-27 21:13:28.521 +03:00  INF]  Executed action Controllers.UserController.Login (HRM.WebApi) in 2216.9503ms
[2022-07-27 21:13:28.522 +03:00  INF]  Executed endpoint 'Controllers.UserController.Login (HRM.WebApi)'
[2022-07-27 21:13:28.529 +03:00  INF]  Request finished HTTP/1.1 POST https://localhost:7266/api/User/Login application/json;+charset=utf-8 - - 200 - application/json;+charset=utf-8 2402.4627ms
[2022-07-27 21:16:29.844 +03:00  INF]  User profile is available. Using 'C:\Users\kshah\AppData\Local\ASP.NET\DataProtection-Keys' as key repository and Windows DPAPI to encrypt keys at rest.
[2022-07-27 21:16:30.696 +03:00  INF]  Now listening on: https://localhost:7266
[2022-07-27 21:16:30.696 +03:00  INF]  Now listening on: http://localhost:5266
[2022-07-27 21:16:30.700 +03:00  INF]  Application started. Press Ctrl+C to shut down.
[2022-07-27 21:16:30.700 +03:00  INF]  Hosting environment: Development
[2022-07-27 21:16:30.701 +03:00  INF]  Content root path: C:\Users\kshah\OneDrive\Documents\GitHub\HRM\HRM.WebApi\
[2022-07-27 21:16:31.987 +03:00  INF]  Request starting HTTP/2 GET https://localhost:7266/swagger/index.html - -
[2022-07-27 21:18:21.939 +03:00  INF]  Request finished HTTP/2 GET https://localhost:7266/swagger/index.html - - - 200 - text/html;charset=utf-8 109957.4022ms
[2022-07-27 21:18:22.119 +03:00  INF]  Request starting HTTP/2 GET https://localhost:7266/_framework/aspnetcore-browser-refresh.js - -
[2022-07-27 21:18:22.124 +03:00  INF]  Request starting HTTP/2 GET https://localhost:7266/_vs/browserLink - -
[2022-07-27 21:18:22.124 +03:00  INF]  Request finished HTTP/2 GET https://localhost:7266/_framework/aspnetcore-browser-refresh.js - - - 200 11990 application/javascript;+charset=utf-8 5.3438ms
[2022-07-27 21:18:22.314 +03:00  INF]  Request finished HTTP/2 GET https://localhost:7266/_vs/browserLink - - - 200 - text/javascript;+charset=UTF-8 189.9603ms
[2022-07-27 21:18:22.569 +03:00  INF]  Request starting HTTP/2 GET https://localhost:7266/swagger/v1/swagger.json - -
[2022-07-27 21:18:23.019 +03:00  INF]  Request finished HTTP/2 GET https://localhost:7266/swagger/v1/swagger.json - - - 200 - application/json;charset=utf-8 449.7741ms
[2022-07-27 21:18:30.270 +03:00  INF]  Request starting HTTP/1.1 POST https://localhost:7266/api/User/Login application/json;+charset=utf-8 -
[2022-07-27 21:18:30.394 +03:00  INF]  Executing endpoint 'Controllers.UserController.Login (HRM.WebApi)'
[2022-07-27 21:18:30.428 +03:00  INF]  Route matched with {action = "Login", controller = "User"}. Executing controller action with signature System.Threading.Tasks.Task`1[Microsoft.AspNetCore.Mvc.IActionResult] Login(HRM.Models.LoginDto) on controller Controllers.UserController (HRM.WebApi).
[2022-07-27 21:18:31.598 +03:00  INF]  Entity Framework Core 6.0.6 initialized 'HrmContext' using provider 'Microsoft.EntityFrameworkCore.SqlServer:6.0.6' with options: None
[2022-07-27 21:18:32.422 +03:00  INF]  Executed DbCommand (62ms) [Parameters=[@__loginDto_UserName_0='?' (Size = 100)], CommandType='"Text"', CommandTimeout='30']
SELECT TOP(1) [u].[ID], [u].[CreationDate], [u].[Email], [u].[JobTitle], [u].[ManagerID], [u].[MobileNumber], [u].[Name], [u].[Password], [u].[Type]
FROM [Users] AS [u]
WHERE [u].[Email] = @__loginDto_UserName_0
[2022-07-27 21:18:32.559 +03:00  INF]  Executed DbCommand (9ms) [Parameters=[@__user_ManagerID_0='?' (DbType = Guid)], CommandType='"Text"', CommandTimeout='30']
SELECT TOP(1) [u].[ID], [u].[CreationDate], [u].[Email], [u].[JobTitle], [u].[ManagerID], [u].[MobileNumber], [u].[Name], [u].[Password], [u].[Type]
FROM [Users] AS [u]
WHERE ([u].[ID] = @__user_ManagerID_0) AND ([u].[Type] = 1)
[2022-07-27 21:18:32.744 +03:00  INF]  Executing OkObjectResult, writing value of type 'HRM.Models.LoginResponse'.
[2022-07-27 21:18:32.769 +03:00  INF]  Executed action Controllers.UserController.Login (HRM.WebApi) in 2335.0516ms
[2022-07-27 21:18:32.769 +03:00  INF]  Executed endpoint 'Controllers.UserController.Login (HRM.WebApi)'
[2022-07-27 21:18:32.777 +03:00  INF]  Request finished HTTP/1.1 POST https://localhost:7266/api/User/Login application/json;+charset=utf-8 - - 200 - application/json;+charset=utf-8 2507.4927ms
[2022-07-27 21:20:52.260 +03:00  INF]  User profile is available. Using 'C:\Users\kshah\AppData\Local\ASP.NET\DataProtection-Keys' as key repository and Windows DPAPI to encrypt keys at rest.
[2022-07-27 21:20:53.145 +03:00  INF]  Now listening on: https://localhost:7266
[2022-07-27 21:20:53.146 +03:00  INF]  Now listening on: http://localhost:5266
[2022-07-27 21:20:53.151 +03:00  INF]  Application started. Press Ctrl+C to shut down.
[2022-07-27 21:20:53.152 +03:00  INF]  Hosting environment: Development
[2022-07-27 21:20:53.152 +03:00  INF]  Content root path: C:\Users\kshah\OneDrive\Documents\GitHub\HRM\HRM.WebApi\
[2022-07-27 21:20:55.161 +03:00  INF]  Request starting HTTP/2 GET https://localhost:7266/swagger/index.html - -
[2022-07-27 21:21:41.842 +03:00  INF]  User profile is available. Using 'C:\Users\kshah\AppData\Local\ASP.NET\DataProtection-Keys' as key repository and Windows DPAPI to encrypt keys at rest.
[2022-07-27 21:21:42.385 +03:00  INF]  Now listening on: https://localhost:7266
[2022-07-27 21:21:42.386 +03:00  INF]  Now listening on: http://localhost:5266
[2022-07-27 21:21:42.391 +03:00  INF]  Application started. Press Ctrl+C to shut down.
[2022-07-27 21:21:42.391 +03:00  INF]  Hosting environment: Development
[2022-07-27 21:21:42.392 +03:00  INF]  Content root path: C:\Users\kshah\OneDrive\Documents\GitHub\HRM\HRM.WebApi\
[2022-07-27 21:21:45.115 +03:00  INF]  Request starting HTTP/2 GET https://localhost:7266/swagger/index.html - -
[2022-07-27 21:23:51.497 +03:00  INF]  User profile is available. Using 'C:\Users\kshah\AppData\Local\ASP.NET\DataProtection-Keys' as key repository and Windows DPAPI to encrypt keys at rest.
[2022-07-27 21:24:34.222 +03:00  INF]  User profile is available. Using 'C:\Users\kshah\AppData\Local\ASP.NET\DataProtection-Keys' as key repository and Windows DPAPI to encrypt keys at rest.
[2022-07-27 21:24:35.916 +03:00  INF]  Now listening on: https://localhost:7266
[2022-07-27 21:24:35.917 +03:00  INF]  Now listening on: http://localhost:5266
[2022-07-27 21:24:35.925 +03:00  INF]  Application started. Press Ctrl+C to shut down.
[2022-07-27 21:24:35.925 +03:00  INF]  Hosting environment: Development
[2022-07-27 21:24:35.925 +03:00  INF]  Content root path: C:\Users\kshah\OneDrive\Documents\GitHub\HRM\HRM.WebApi\
[2022-07-27 21:25:38.159 +03:00  INF]  User profile is available. Using 'C:\Users\kshah\AppData\Local\ASP.NET\DataProtection-Keys' as key repository and Windows DPAPI to encrypt keys at rest.
[2022-07-27 21:25:39.778 +03:00  INF]  Now listening on: https://localhost:7266
[2022-07-27 21:25:39.778 +03:00  INF]  Now listening on: http://localhost:5266
[2022-07-27 21:25:39.785 +03:00  INF]  Application started. Press Ctrl+C to shut down.
[2022-07-27 21:25:39.785 +03:00  INF]  Hosting environment: Development
[2022-07-27 21:25:39.785 +03:00  INF]  Content root path: C:\Users\kshah\OneDrive\Documents\GitHub\HRM\HRM.WebApi\
[2022-07-27 21:25:41.404 +03:00  INF]  Request starting HTTP/2 GET https://localhost:7266/swagger/index.html - -
[2022-07-27 21:25:45.605 +03:00  INF]  Request finished HTTP/2 GET https://localhost:7266/swagger/index.html - - - 200 - text/html;charset=utf-8 4204.6631ms
[2022-07-27 21:25:46.128 +03:00  INF]  Request starting HTTP/2 GET https://localhost:7266/_framework/aspnetcore-browser-refresh.js - -
[2022-07-27 21:25:46.140 +03:00  INF]  Request finished HTTP/2 GET https://localhost:7266/_framework/aspnetcore-browser-refresh.js - - - 200 11990 application/javascript;+charset=utf-8 12.1473ms
[2022-07-27 21:25:46.140 +03:00  INF]  Request starting HTTP/2 GET https://localhost:7266/_vs/browserLink - -
[2022-07-27 21:25:46.398 +03:00  INF]  Request finished HTTP/2 GET https://localhost:7266/_vs/browserLink - - - 200 - text/javascript;+charset=UTF-8 256.8944ms
[2022-07-27 21:25:46.828 +03:00  INF]  Request starting HTTP/2 GET https://localhost:7266/swagger/v1/swagger.json - -
[2022-07-27 21:25:47.324 +03:00  INF]  Request finished HTTP/2 GET https://localhost:7266/swagger/v1/swagger.json - - - 200 - application/json;charset=utf-8 496.4536ms
[2022-07-27 21:25:55.219 +03:00  INF]  Request starting HTTP/1.1 POST https://localhost:7266/api/User/Login application/json;+charset=utf-8 -
[2022-07-27 21:29:08.618 +03:00  INF]  User profile is available. Using 'C:\Users\kshah\AppData\Local\ASP.NET\DataProtection-Keys' as key repository and Windows DPAPI to encrypt keys at rest.
