[2022-07-30 15:23:57.225 +03:00  INF]  User profile is available. Using 'C:\Users\kshah\AppData\Local\ASP.NET\DataProtection-Keys' as key repository and Windows DPAPI to encrypt keys at rest.
[2022-07-30 15:23:58.780 +03:00  INF]  Now listening on: https://localhost:7266
[2022-07-30 15:23:58.781 +03:00  INF]  Now listening on: http://localhost:5266
[2022-07-30 15:23:58.820 +03:00  INF]  Application started. Press Ctrl+C to shut down.
[2022-07-30 15:23:58.820 +03:00  INF]  Hosting environment: Development
[2022-07-30 15:23:58.820 +03:00  INF]  Content root path: C:\Users\kshah\OneDrive\Documents\GitHub\HRM\HRM.WebApi\
[2022-07-30 15:24:02.149 +03:00  INF]  Request starting HTTP/2 GET https://localhost:7266/swagger/index.html - -
[2022-07-30 15:24:03.609 +03:00  INF]  Request starting HTTP/2 GET https://localhost:7266/_framework/aspnetcore-browser-refresh.js - -
[2022-07-30 15:24:03.629 +03:00  INF]  Request finished HTTP/2 GET https://localhost:7266/_framework/aspnetcore-browser-refresh.js - - - 200 11990 application/javascript;+charset=utf-8 12.4395ms
[2022-07-30 15:24:03.630 +03:00  INF]  Request starting HTTP/2 GET https://localhost:7266/_vs/browserLink - -
[2022-07-30 15:24:03.645 +03:00  INF]  Request finished HTTP/2 GET https://localhost:7266/swagger/index.html - - - 200 - text/html;charset=utf-8 1505.0263ms
[2022-07-30 15:24:03.754 +03:00  INF]  Request finished HTTP/2 GET https://localhost:7266/_vs/browserLink - - - 200 - text/javascript;+charset=UTF-8 123.8298ms
[2022-07-30 15:24:04.086 +03:00  INF]  Request starting HTTP/2 GET https://localhost:7266/swagger/v1/swagger.json - -
[2022-07-30 15:24:04.796 +03:00  INF]  Request finished HTTP/2 GET https://localhost:7266/swagger/v1/swagger.json - - - 200 - application/json;charset=utf-8 709.7784ms
[2022-07-30 15:24:47.576 +03:00  INF]  Request starting HTTP/1.1 POST https://localhost:7266/api/User/Login application/json;+charset=utf-8 -
[2022-07-30 15:24:48.292 +03:00  INF]  Executing endpoint 'Controllers.UserController.Login (HRM.WebApi)'
[2022-07-30 15:24:48.334 +03:00  INF]  Route matched with {action = "Login", controller = "User"}. Executing controller action with signature System.Threading.Tasks.Task`1[Microsoft.AspNetCore.Mvc.IActionResult] Login(HRM.Models.LoginDto) on controller Controllers.UserController (HRM.WebApi).
[2022-07-30 15:24:50.394 +03:00  INF]  Entity Framework Core 6.0.6 initialized 'HrmContext' using provider 'Microsoft.EntityFrameworkCore.SqlServer:6.0.6' with options: None
[2022-07-30 15:24:52.132 +03:00  INF]  Executed DbCommand (58ms) [Parameters=[@__loginDto_UserName_0='?' (Size = 100)], CommandType='"Text"', CommandTimeout='30']
SELECT TOP(1) [u].[ID], [u].[CreationDate], [u].[Email], [u].[JobTitle], [u].[ManagerID], [u].[MobileNumber], [u].[Name], [u].[Password], [u].[Type]
FROM [Users] AS [u]
WHERE [u].[Email] = @__loginDto_UserName_0
[2022-07-30 15:24:52.329 +03:00  INF]  Executed DbCommand (8ms) [Parameters=[@__user_ManagerID_0='?' (DbType = Guid)], CommandType='"Text"', CommandTimeout='30']
SELECT TOP(1) [u].[ID], [u].[CreationDate], [u].[Email], [u].[JobTitle], [u].[ManagerID], [u].[MobileNumber], [u].[Name], [u].[Password], [u].[Type]
FROM [Users] AS [u]
WHERE ([u].[ID] = @__user_ManagerID_0) AND ([u].[Type] = 1)
[2022-07-30 15:24:52.743 +03:00  INF]  Executing OkObjectResult, writing value of type 'HRM.Models.LoginResponse'.
[2022-07-30 15:24:52.782 +03:00  INF]  Executed action Controllers.UserController.Login (HRM.WebApi) in 4439.062ms
[2022-07-30 15:24:52.783 +03:00  INF]  Executed endpoint 'Controllers.UserController.Login (HRM.WebApi)'
[2022-07-30 15:24:52.791 +03:00  INF]  Request finished HTTP/1.1 POST https://localhost:7266/api/User/Login application/json;+charset=utf-8 - - 200 - application/json;+charset=utf-8 5215.1770ms
[2022-07-30 15:31:07.058 +03:00  INF]  Request starting HTTP/1.1 POST https://localhost:7266/api/User/Login application/json;+charset=utf-8 -
[2022-07-30 15:31:07.065 +03:00  INF]  Executing endpoint 'Controllers.UserController.Login (HRM.WebApi)'
[2022-07-30 15:31:07.066 +03:00  INF]  Route matched with {action = "Login", controller = "User"}. Executing controller action with signature System.Threading.Tasks.Task`1[Microsoft.AspNetCore.Mvc.IActionResult] Login(HRM.Models.LoginDto) on controller Controllers.UserController (HRM.WebApi).
[2022-07-30 15:31:07.073 +03:00  INF]  Entity Framework Core 6.0.6 initialized 'HrmContext' using provider 'Microsoft.EntityFrameworkCore.SqlServer:6.0.6' with options: None
[2022-07-30 15:31:07.083 +03:00  INF]  Executed DbCommand (3ms) [Parameters=[@__loginDto_UserName_0='?' (Size = 100)], CommandType='"Text"', CommandTimeout='30']
SELECT TOP(1) [u].[ID], [u].[CreationDate], [u].[Email], [u].[JobTitle], [u].[ManagerID], [u].[MobileNumber], [u].[Name], [u].[Password], [u].[Type]
FROM [Users] AS [u]
WHERE [u].[Email] = @__loginDto_UserName_0
[2022-07-30 15:31:07.087 +03:00  INF]  Executed DbCommand (2ms) [Parameters=[@__user_ManagerID_0='?' (DbType = Guid)], CommandType='"Text"', CommandTimeout='30']
SELECT TOP(1) [u].[ID], [u].[CreationDate], [u].[Email], [u].[JobTitle], [u].[ManagerID], [u].[MobileNumber], [u].[Name], [u].[Password], [u].[Type]
FROM [Users] AS [u]
WHERE ([u].[ID] = @__user_ManagerID_0) AND ([u].[Type] = 1)
[2022-07-30 15:31:07.088 +03:00  INF]  Executing OkObjectResult, writing value of type 'HRM.Models.LoginResponse'.
[2022-07-30 15:31:07.089 +03:00  INF]  Executed action Controllers.UserController.Login (HRM.WebApi) in 22.5885ms
[2022-07-30 15:31:07.089 +03:00  INF]  Executed endpoint 'Controllers.UserController.Login (HRM.WebApi)'
[2022-07-30 15:31:07.089 +03:00  INF]  Request finished HTTP/1.1 POST https://localhost:7266/api/User/Login application/json;+charset=utf-8 - - 200 - application/json;+charset=utf-8 31.7890ms
[2022-07-30 15:31:57.722 +03:00  INF]  User profile is available. Using 'C:\Users\kshah\AppData\Local\ASP.NET\DataProtection-Keys' as key repository and Windows DPAPI to encrypt keys at rest.
[2022-07-30 15:32:00.665 +03:00  INF]  Now listening on: https://localhost:7266
[2022-07-30 15:32:00.665 +03:00  INF]  Now listening on: http://localhost:5266
[2022-07-30 15:32:00.670 +03:00  INF]  Application started. Press Ctrl+C to shut down.
[2022-07-30 15:32:00.670 +03:00  INF]  Hosting environment: Development
[2022-07-30 15:32:00.670 +03:00  INF]  Content root path: C:\Users\kshah\OneDrive\Documents\GitHub\HRM\HRM.WebApi\
[2022-07-30 15:32:03.090 +03:00  INF]  Request starting HTTP/2 GET https://localhost:7266/swagger/index.html - -
[2022-07-30 15:32:05.475 +03:00  INF]  Request finished HTTP/2 GET https://localhost:7266/swagger/index.html - - - 200 - text/html;charset=utf-8 2392.9611ms
[2022-07-30 15:32:07.525 +03:00  INF]  Request starting HTTP/2 GET https://localhost:7266/_framework/aspnetcore-browser-refresh.js - -
[2022-07-30 15:32:07.531 +03:00  INF]  Request finished HTTP/2 GET https://localhost:7266/_framework/aspnetcore-browser-refresh.js - - - 200 11990 application/javascript;+charset=utf-8 5.6322ms
[2022-07-30 15:32:07.664 +03:00  INF]  Request starting HTTP/2 GET https://localhost:7266/_vs/browserLink - -
[2022-07-30 15:32:07.718 +03:00  INF]  Request finished HTTP/2 GET https://localhost:7266/_vs/browserLink - - - 200 - text/javascript;+charset=UTF-8 53.8079ms
[2022-07-30 15:32:10.299 +03:00  INF]  Request starting HTTP/1.1 POST https://localhost:7266/api/User/Login application/json;+charset=utf-8 -
[2022-07-30 15:32:10.817 +03:00  INF]  Executing endpoint 'Controllers.UserController.Login (HRM.WebApi)'
[2022-07-30 15:32:10.892 +03:00  INF]  Route matched with {action = "Login", controller = "User"}. Executing controller action with signature System.Threading.Tasks.Task`1[Microsoft.AspNetCore.Mvc.IActionResult] Login(HRM.Models.LoginDto) on controller Controllers.UserController (HRM.WebApi).
[2022-07-30 15:32:12.000 +03:00  INF]  Request starting HTTP/2 GET https://localhost:7266/swagger/v1/swagger.json - -
[2022-07-30 15:32:12.270 +03:00  INF]  Request finished HTTP/2 GET https://localhost:7266/swagger/v1/swagger.json - - - 200 - application/json;charset=utf-8 269.6789ms
[2022-07-30 15:32:13.760 +03:00  INF]  Entity Framework Core 6.0.6 initialized 'HrmContext' using provider 'Microsoft.EntityFrameworkCore.SqlServer:6.0.6' with options: None
[2022-07-30 15:32:15.324 +03:00  INF]  Executed DbCommand (98ms) [Parameters=[@__loginDto_UserName_0='?' (Size = 100)], CommandType='"Text"', CommandTimeout='30']
SELECT TOP(1) [u].[ID], [u].[CreationDate], [u].[Email], [u].[JobTitle], [u].[ManagerID], [u].[MobileNumber], [u].[Name], [u].[Password], [u].[Type]
FROM [Users] AS [u]
WHERE [u].[Email] = @__loginDto_UserName_0
[2022-07-30 15:32:15.552 +03:00  INF]  Executed DbCommand (8ms) [Parameters=[@__user_ManagerID_0='?' (DbType = Guid)], CommandType='"Text"', CommandTimeout='30']
SELECT TOP(1) [u].[ID], [u].[CreationDate], [u].[Email], [u].[JobTitle], [u].[ManagerID], [u].[MobileNumber], [u].[Name], [u].[Password], [u].[Type]
FROM [Users] AS [u]
WHERE ([u].[ID] = @__user_ManagerID_0) AND ([u].[Type] = 1)
[2022-07-30 15:32:15.833 +03:00  INF]  Executing OkObjectResult, writing value of type 'HRM.Models.LoginResponse'.
[2022-07-30 15:32:15.872 +03:00  INF]  Executed action Controllers.UserController.Login (HRM.WebApi) in 4970.8872ms
[2022-07-30 15:32:15.872 +03:00  INF]  Executed endpoint 'Controllers.UserController.Login (HRM.WebApi)'
[2022-07-30 15:32:15.880 +03:00  INF]  Request finished HTTP/1.1 POST https://localhost:7266/api/User/Login application/json;+charset=utf-8 - - 200 - application/json;+charset=utf-8 5580.9425ms
[2022-07-30 15:32:45.703 +03:00  INF]  Request starting HTTP/1.1 POST https://localhost:7266/api/User/GetAll application/json;+charset=utf-8 -
[2022-07-30 15:32:45.837 +03:00  INF]  Executing endpoint 'Controllers.UserController.GetAll (HRM.WebApi)'
[2022-07-30 15:32:45.839 +03:00  INF]  Route matched with {action = "GetAll", controller = "User"}. Executing controller action with signature Microsoft.AspNetCore.Mvc.IActionResult GetAll(HRM.Models.UserPaging) on controller Controllers.UserController (HRM.WebApi).
[2022-07-30 15:32:45.855 +03:00  INF]  Entity Framework Core 6.0.6 initialized 'HrmContext' using provider 'Microsoft.EntityFrameworkCore.SqlServer:6.0.6' with options: None
[2022-07-30 15:32:45.875 +03:00  WRN]  The query uses a row limiting operator ('Skip'/'Take') without an 'OrderBy' operator. This may lead to unpredictable results. If the 'Distinct' operator is used after 'OrderBy', then make sure to use the 'OrderBy' operator after 'Distinct' as the ordering would otherwise get erased.
[2022-07-30 15:32:45.903 +03:00  WRN]  The query uses a row limiting operator ('Skip'/'Take') without an 'OrderBy' operator. This may lead to unpredictable results. If the 'Distinct' operator is used after 'OrderBy', then make sure to use the 'OrderBy' operator after 'Distinct' as the ordering would otherwise get erased.
[2022-07-30 15:32:45.941 +03:00  INF]  Executed DbCommand (17ms) [Parameters=[@__p_2='?' (DbType = Int32), @__p_0='?' (DbType = Int32), @__page_ManagerId_1='?' (DbType = Guid)], CommandType='"Text"', CommandTimeout='30']
SELECT TOP(@__p_2) [t].[ID], [t].[CreationDate], [t].[Email], [t].[JobTitle], [t].[ManagerID], [t].[MobileNumber], [t].[Name], [t].[Password], [t].[Type]
FROM (
    SELECT [u].[ID], [u].[CreationDate], [u].[Email], [u].[JobTitle], [u].[ManagerID], [u].[MobileNumber], [u].[Name], [u].[Password], [u].[Type]
    FROM [Users] AS [u]
    ORDER BY (SELECT 1)
    OFFSET @__p_0 ROWS
) AS [t]
WHERE ([t].[ManagerID] = @__page_ManagerId_1) AND ([t].[ID] <> @__page_ManagerId_1)
[2022-07-30 15:32:45.948 +03:00  INF]  Executed DbCommand (2ms) [Parameters=[@__i_ManagerID_0='?' (DbType = Guid)], CommandType='"Text"', CommandTimeout='30']
SELECT TOP(1) [u].[ID], [u].[CreationDate], [u].[Email], [u].[JobTitle], [u].[ManagerID], [u].[MobileNumber], [u].[Name], [u].[Password], [u].[Type]
FROM [Users] AS [u]
WHERE ([u].[ID] = @__i_ManagerID_0) AND ([u].[Type] = 1)
[2022-07-30 15:32:45.967 +03:00  INF]  Executed DbCommand (12ms) [Parameters=[@__i_ManagerID_0='?' (DbType = Guid)], CommandType='"Text"', CommandTimeout='30']
SELECT TOP(1) [u].[ID], [u].[CreationDate], [u].[Email], [u].[JobTitle], [u].[ManagerID], [u].[MobileNumber], [u].[Name], [u].[Password], [u].[Type]
FROM [Users] AS [u]
WHERE ([u].[ID] = @__i_ManagerID_0) AND ([u].[Type] = 1)
[2022-07-30 15:32:45.969 +03:00  INF]  Executing OkObjectResult, writing value of type 'HRM.Models.Response`1[[System.Collections.Generic.List`1[[HRM.Models.UserDto, HRM.Models, Version=1.0.0.0, Culture=neutral, PublicKeyToken=null]], System.Private.CoreLib, Version=6.0.0.0, Culture=neutral, PublicKeyToken=7cec85d7bea7798e]]'.
[2022-07-30 15:32:45.971 +03:00  INF]  Executed action Controllers.UserController.GetAll (HRM.WebApi) in 131.1978ms
[2022-07-30 15:32:45.971 +03:00  INF]  Executed endpoint 'Controllers.UserController.GetAll (HRM.WebApi)'
[2022-07-30 15:32:45.971 +03:00  INF]  Request finished HTTP/1.1 POST https://localhost:7266/api/User/GetAll application/json;+charset=utf-8 - - 200 - application/json;+charset=utf-8 268.2229ms
[2022-07-30 15:33:11.378 +03:00  INF]  Request starting HTTP/1.1 POST https://localhost:7266/api/User/GetAll application/json;+charset=utf-8 -
[2022-07-30 15:33:11.384 +03:00  INF]  Executing endpoint 'Controllers.UserController.GetAll (HRM.WebApi)'
[2022-07-30 15:33:11.384 +03:00  INF]  Route matched with {action = "GetAll", controller = "User"}. Executing controller action with signature Microsoft.AspNetCore.Mvc.IActionResult GetAll(HRM.Models.UserPaging) on controller Controllers.UserController (HRM.WebApi).
[2022-07-30 15:33:11.481 +03:00  INF]  Entity Framework Core 6.0.6 initialized 'HrmContext' using provider 'Microsoft.EntityFrameworkCore.SqlServer:6.0.6' with options: None
[2022-07-30 15:33:11.500 +03:00  INF]  Executed DbCommand (14ms) [Parameters=[@__p_2='?' (DbType = Int32), @__p_0='?' (DbType = Int32), @__page_ManagerId_1='?' (DbType = Guid)], CommandType='"Text"', CommandTimeout='30']
SELECT TOP(@__p_2) [t].[ID], [t].[CreationDate], [t].[Email], [t].[JobTitle], [t].[ManagerID], [t].[MobileNumber], [t].[Name], [t].[Password], [t].[Type]
FROM (
    SELECT [u].[ID], [u].[CreationDate], [u].[Email], [u].[JobTitle], [u].[ManagerID], [u].[MobileNumber], [u].[Name], [u].[Password], [u].[Type]
    FROM [Users] AS [u]
    ORDER BY (SELECT 1)
    OFFSET @__p_0 ROWS
) AS [t]
WHERE ([t].[ManagerID] = @__page_ManagerId_1) AND ([t].[ID] <> @__page_ManagerId_1)
[2022-07-30 15:33:11.510 +03:00  INF]  Executed DbCommand (9ms) [Parameters=[@__i_ManagerID_0='?' (DbType = Guid)], CommandType='"Text"', CommandTimeout='30']
SELECT TOP(1) [u].[ID], [u].[CreationDate], [u].[Email], [u].[JobTitle], [u].[ManagerID], [u].[MobileNumber], [u].[Name], [u].[Password], [u].[Type]
FROM [Users] AS [u]
WHERE ([u].[ID] = @__i_ManagerID_0) AND ([u].[Type] = 1)
[2022-07-30 15:33:11.531 +03:00  INF]  Executed DbCommand (20ms) [Parameters=[@__i_ManagerID_0='?' (DbType = Guid)], CommandType='"Text"', CommandTimeout='30']
SELECT TOP(1) [u].[ID], [u].[CreationDate], [u].[Email], [u].[JobTitle], [u].[ManagerID], [u].[MobileNumber], [u].[Name], [u].[Password], [u].[Type]
FROM [Users] AS [u]
WHERE ([u].[ID] = @__i_ManagerID_0) AND ([u].[Type] = 1)
[2022-07-30 15:33:11.531 +03:00  INF]  Executing OkObjectResult, writing value of type 'HRM.Models.Response`1[[System.Collections.Generic.List`1[[HRM.Models.UserDto, HRM.Models, Version=1.0.0.0, Culture=neutral, PublicKeyToken=null]], System.Private.CoreLib, Version=6.0.0.0, Culture=neutral, PublicKeyToken=7cec85d7bea7798e]]'.
[2022-07-30 15:33:11.532 +03:00  INF]  Executed action Controllers.UserController.GetAll (HRM.WebApi) in 147.5433ms
[2022-07-30 15:33:11.532 +03:00  INF]  Executed endpoint 'Controllers.UserController.GetAll (HRM.WebApi)'
[2022-07-30 15:33:11.532 +03:00  INF]  Request finished HTTP/1.1 POST https://localhost:7266/api/User/GetAll application/json;+charset=utf-8 - - 200 - application/json;+charset=utf-8 154.0098ms
[2022-07-30 15:38:00.588 +03:00  INF]  Request starting HTTP/1.1 POST https://localhost:7266/api/User/GetAll application/json;+charset=utf-8 -
[2022-07-30 15:38:00.594 +03:00  INF]  Executing endpoint 'Controllers.UserController.GetAll (HRM.WebApi)'
[2022-07-30 15:38:00.594 +03:00  INF]  Route matched with {action = "GetAll", controller = "User"}. Executing controller action with signature Microsoft.AspNetCore.Mvc.IActionResult GetAll(HRM.Models.UserPaging) on controller Controllers.UserController (HRM.WebApi).
[2022-07-30 15:38:00.596 +03:00  INF]  Entity Framework Core 6.0.6 initialized 'HrmContext' using provider 'Microsoft.EntityFrameworkCore.SqlServer:6.0.6' with options: None
[2022-07-30 15:38:00.602 +03:00  INF]  Executed DbCommand (4ms) [Parameters=[@__p_2='?' (DbType = Int32), @__p_0='?' (DbType = Int32), @__page_ManagerId_1='?' (DbType = Guid)], CommandType='"Text"', CommandTimeout='30']
SELECT TOP(@__p_2) [t].[ID], [t].[CreationDate], [t].[Email], [t].[JobTitle], [t].[ManagerID], [t].[MobileNumber], [t].[Name], [t].[Password], [t].[Type]
FROM (
    SELECT [u].[ID], [u].[CreationDate], [u].[Email], [u].[JobTitle], [u].[ManagerID], [u].[MobileNumber], [u].[Name], [u].[Password], [u].[Type]
    FROM [Users] AS [u]
    ORDER BY (SELECT 1)
    OFFSET @__p_0 ROWS
) AS [t]
WHERE ([t].[ManagerID] = @__page_ManagerId_1) AND ([t].[ID] <> @__page_ManagerId_1)
[2022-07-30 15:38:00.606 +03:00  INF]  Executed DbCommand (3ms) [Parameters=[@__i_ManagerID_0='?' (DbType = Guid)], CommandType='"Text"', CommandTimeout='30']
SELECT TOP(1) [u].[ID], [u].[CreationDate], [u].[Email], [u].[JobTitle], [u].[ManagerID], [u].[MobileNumber], [u].[Name], [u].[Password], [u].[Type]
FROM [Users] AS [u]
WHERE ([u].[ID] = @__i_ManagerID_0) AND ([u].[Type] = 1)
[2022-07-30 15:38:00.608 +03:00  INF]  Executed DbCommand (1ms) [Parameters=[@__i_ManagerID_0='?' (DbType = Guid)], CommandType='"Text"', CommandTimeout='30']
SELECT TOP(1) [u].[ID], [u].[CreationDate], [u].[Email], [u].[JobTitle], [u].[ManagerID], [u].[MobileNumber], [u].[Name], [u].[Password], [u].[Type]
FROM [Users] AS [u]
WHERE ([u].[ID] = @__i_ManagerID_0) AND ([u].[Type] = 1)
[2022-07-30 15:38:00.609 +03:00  INF]  Executing OkObjectResult, writing value of type 'HRM.Models.Response`1[[System.Collections.Generic.List`1[[HRM.Models.UserDto, HRM.Models, Version=1.0.0.0, Culture=neutral, PublicKeyToken=null]], System.Private.CoreLib, Version=6.0.0.0, Culture=neutral, PublicKeyToken=7cec85d7bea7798e]]'.
[2022-07-30 15:38:00.609 +03:00  INF]  Executed action Controllers.UserController.GetAll (HRM.WebApi) in 14.8211ms
[2022-07-30 15:38:00.609 +03:00  INF]  Executed endpoint 'Controllers.UserController.GetAll (HRM.WebApi)'
[2022-07-30 15:38:00.609 +03:00  INF]  Request finished HTTP/1.1 POST https://localhost:7266/api/User/GetAll application/json;+charset=utf-8 - - 200 - application/json;+charset=utf-8 23.7657ms
[2022-07-30 15:39:51.586 +03:00  INF]  User profile is available. Using 'C:\Users\kshah\AppData\Local\ASP.NET\DataProtection-Keys' as key repository and Windows DPAPI to encrypt keys at rest.
[2022-07-30 15:39:54.481 +03:00  INF]  Now listening on: https://localhost:7266
[2022-07-30 15:39:54.482 +03:00  INF]  Now listening on: http://localhost:5266
[2022-07-30 15:39:54.487 +03:00  INF]  Application started. Press Ctrl+C to shut down.
[2022-07-30 15:39:54.487 +03:00  INF]  Hosting environment: Development
[2022-07-30 15:39:54.487 +03:00  INF]  Content root path: C:\Users\kshah\OneDrive\Documents\GitHub\HRM\HRM.WebApi\
[2022-07-30 15:39:55.966 +03:00  INF]  Request starting HTTP/2 GET https://localhost:7266/swagger/index.html - -
[2022-07-30 15:39:56.868 +03:00  INF]  Request finished HTTP/2 GET https://localhost:7266/swagger/index.html - - - 200 - text/html;charset=utf-8 909.4392ms
[2022-07-30 15:39:57.079 +03:00  INF]  Request starting HTTP/2 GET https://localhost:7266/_framework/aspnetcore-browser-refresh.js - -
[2022-07-30 15:39:57.091 +03:00  INF]  Request starting HTTP/2 GET https://localhost:7266/_vs/browserLink - -
[2022-07-30 15:39:57.109 +03:00  INF]  Request finished HTTP/2 GET https://localhost:7266/_framework/aspnetcore-browser-refresh.js - - - 200 11990 application/javascript;+charset=utf-8 29.8505ms
[2022-07-30 15:39:57.229 +03:00  INF]  Request finished HTTP/2 GET https://localhost:7266/_vs/browserLink - - - 200 - text/javascript;+charset=UTF-8 137.9263ms
[2022-07-30 15:39:57.462 +03:00  INF]  Request starting HTTP/2 GET https://localhost:7266/swagger/v1/swagger.json - -
[2022-07-30 15:39:57.742 +03:00  INF]  Request finished HTTP/2 GET https://localhost:7266/swagger/v1/swagger.json - - - 200 - application/json;charset=utf-8 280.6176ms
[2022-07-30 15:40:18.624 +03:00  INF]  Request starting HTTP/1.1 POST https://localhost:7266/api/User/Login application/json;+charset=utf-8 -
[2022-07-30 15:40:18.780 +03:00  INF]  Executing endpoint 'Controllers.UserController.Login (HRM.WebApi)'
[2022-07-30 15:40:18.835 +03:00  INF]  Route matched with {action = "Login", controller = "User"}. Executing controller action with signature System.Threading.Tasks.Task`1[Microsoft.AspNetCore.Mvc.IActionResult] Login(HRM.Models.LoginDto) on controller Controllers.UserController (HRM.WebApi).
[2022-07-30 15:40:20.432 +03:00  INF]  Entity Framework Core 6.0.6 initialized 'HrmContext' using provider 'Microsoft.EntityFrameworkCore.SqlServer:6.0.6' with options: None
[2022-07-30 15:40:21.438 +03:00  INF]  Executed DbCommand (76ms) [Parameters=[@__loginDto_UserName_0='?' (Size = 100)], CommandType='"Text"', CommandTimeout='30']
SELECT TOP(1) [u].[ID], [u].[CreationDate], [u].[Email], [u].[JobTitle], [u].[ManagerID], [u].[MobileNumber], [u].[Name], [u].[Password], [u].[Type]
FROM [Users] AS [u]
WHERE [u].[Email] = @__loginDto_UserName_0
[2022-07-30 15:40:21.621 +03:00  INF]  Executed DbCommand (7ms) [Parameters=[@__user_ManagerID_0='?' (DbType = Guid)], CommandType='"Text"', CommandTimeout='30']
SELECT TOP(1) [u].[ID], [u].[CreationDate], [u].[Email], [u].[JobTitle], [u].[ManagerID], [u].[MobileNumber], [u].[Name], [u].[Password], [u].[Type]
FROM [Users] AS [u]
WHERE ([u].[ID] = @__user_ManagerID_0) AND ([u].[Type] = 1)
[2022-07-30 15:40:21.832 +03:00  INF]  Executing OkObjectResult, writing value of type 'HRM.Models.LoginResponse'.
[2022-07-30 15:40:21.871 +03:00  INF]  Executed action Controllers.UserController.Login (HRM.WebApi) in 3024.0483ms
[2022-07-30 15:40:21.878 +03:00  INF]  Executed endpoint 'Controllers.UserController.Login (HRM.WebApi)'
[2022-07-30 15:40:21.887 +03:00  INF]  Request finished HTTP/1.1 POST https://localhost:7266/api/User/Login application/json;+charset=utf-8 - - 200 - application/json;+charset=utf-8 3263.2844ms
[2022-07-30 15:40:35.242 +03:00  INF]  Request starting HTTP/1.1 POST https://localhost:7266/api/User/GetAll application/json;+charset=utf-8 -
[2022-07-30 15:40:35.399 +03:00  INF]  Executing endpoint 'Controllers.UserController.GetAll (HRM.WebApi)'
[2022-07-30 15:40:35.402 +03:00  INF]  Route matched with {action = "GetAll", controller = "User"}. Executing controller action with signature Microsoft.AspNetCore.Mvc.IActionResult GetAll(HRM.Models.UserPaging) on controller Controllers.UserController (HRM.WebApi).
[2022-07-30 15:40:35.417 +03:00  INF]  Entity Framework Core 6.0.6 initialized 'HrmContext' using provider 'Microsoft.EntityFrameworkCore.SqlServer:6.0.6' with options: None
[2022-07-30 15:40:35.427 +03:00  WRN]  The query uses a row limiting operator ('Skip'/'Take') without an 'OrderBy' operator. This may lead to unpredictable results. If the 'Distinct' operator is used after 'OrderBy', then make sure to use the 'OrderBy' operator after 'Distinct' as the ordering would otherwise get erased.
[2022-07-30 15:40:35.454 +03:00  WRN]  The query uses a row limiting operator ('Skip'/'Take') without an 'OrderBy' operator. This may lead to unpredictable results. If the 'Distinct' operator is used after 'OrderBy', then make sure to use the 'OrderBy' operator after 'Distinct' as the ordering would otherwise get erased.
[2022-07-30 15:40:35.486 +03:00  INF]  Executed DbCommand (12ms) [Parameters=[@__p_2='?' (DbType = Int32), @__p_0='?' (DbType = Int32), @__page_ManagerId_1='?' (DbType = Guid)], CommandType='"Text"', CommandTimeout='30']
SELECT TOP(@__p_2) [t].[ID], [t].[CreationDate], [t].[Email], [t].[JobTitle], [t].[ManagerID], [t].[MobileNumber], [t].[Name], [t].[Password], [t].[Type]
FROM (
    SELECT [u].[ID], [u].[CreationDate], [u].[Email], [u].[JobTitle], [u].[ManagerID], [u].[MobileNumber], [u].[Name], [u].[Password], [u].[Type]
    FROM [Users] AS [u]
    ORDER BY (SELECT 1)
    OFFSET @__p_0 ROWS
) AS [t]
WHERE ([t].[ManagerID] = @__page_ManagerId_1) AND ([t].[ID] <> @__page_ManagerId_1)
[2022-07-30 15:40:35.497 +03:00  INF]  Executed DbCommand (4ms) [Parameters=[@__i_ManagerID_0='?' (DbType = Guid)], CommandType='"Text"', CommandTimeout='30']
SELECT TOP(1) [u].[ID], [u].[CreationDate], [u].[Email], [u].[JobTitle], [u].[ManagerID], [u].[MobileNumber], [u].[Name], [u].[Password], [u].[Type]
FROM [Users] AS [u]
WHERE ([u].[ID] = @__i_ManagerID_0) AND ([u].[Type] = 1)
[2022-07-30 15:40:35.511 +03:00  INF]  Executed DbCommand (9ms) [Parameters=[@__i_ManagerID_0='?' (DbType = Guid)], CommandType='"Text"', CommandTimeout='30']
SELECT TOP(1) [u].[ID], [u].[CreationDate], [u].[Email], [u].[JobTitle], [u].[ManagerID], [u].[MobileNumber], [u].[Name], [u].[Password], [u].[Type]
FROM [Users] AS [u]
WHERE ([u].[ID] = @__i_ManagerID_0) AND ([u].[Type] = 1)
[2022-07-30 15:40:35.512 +03:00  INF]  Executing OkObjectResult, writing value of type 'HRM.Models.Response`1[[System.Collections.Generic.List`1[[HRM.Models.UserDto, HRM.Models, Version=1.0.0.0, Culture=neutral, PublicKeyToken=null]], System.Private.CoreLib, Version=6.0.0.0, Culture=neutral, PublicKeyToken=7cec85d7bea7798e]]'.
[2022-07-30 15:40:35.514 +03:00  INF]  Executed action Controllers.UserController.GetAll (HRM.WebApi) in 112.3038ms
[2022-07-30 15:40:35.515 +03:00  INF]  Executed endpoint 'Controllers.UserController.GetAll (HRM.WebApi)'
[2022-07-30 15:40:35.515 +03:00  INF]  Request finished HTTP/1.1 POST https://localhost:7266/api/User/GetAll application/json;+charset=utf-8 - - 200 - application/json;+charset=utf-8 273.1590ms
[2022-07-30 15:40:44.969 +03:00  INF]  Request starting HTTP/1.1 POST https://localhost:7266/api/User/GetAll application/json;+charset=utf-8 -
[2022-07-30 15:40:44.984 +03:00  INF]  Executing endpoint 'Controllers.UserController.GetAll (HRM.WebApi)'
[2022-07-30 15:40:44.984 +03:00  INF]  Route matched with {action = "GetAll", controller = "User"}. Executing controller action with signature Microsoft.AspNetCore.Mvc.IActionResult GetAll(HRM.Models.UserPaging) on controller Controllers.UserController (HRM.WebApi).
[2022-07-30 15:40:45.087 +03:00  INF]  Entity Framework Core 6.0.6 initialized 'HrmContext' using provider 'Microsoft.EntityFrameworkCore.SqlServer:6.0.6' with options: None
[2022-07-30 15:40:45.092 +03:00  INF]  Executed DbCommand (2ms) [Parameters=[@__p_2='?' (DbType = Int32), @__p_0='?' (DbType = Int32), @__page_ManagerId_1='?' (DbType = Guid)], CommandType='"Text"', CommandTimeout='30']
SELECT TOP(@__p_2) [t].[ID], [t].[CreationDate], [t].[Email], [t].[JobTitle], [t].[ManagerID], [t].[MobileNumber], [t].[Name], [t].[Password], [t].[Type]
FROM (
    SELECT [u].[ID], [u].[CreationDate], [u].[Email], [u].[JobTitle], [u].[ManagerID], [u].[MobileNumber], [u].[Name], [u].[Password], [u].[Type]
    FROM [Users] AS [u]
    ORDER BY (SELECT 1)
    OFFSET @__p_0 ROWS
) AS [t]
WHERE ([t].[ManagerID] = @__page_ManagerId_1) AND ([t].[ID] <> @__page_ManagerId_1)
[2022-07-30 15:40:45.095 +03:00  INF]  Executed DbCommand (2ms) [Parameters=[@__i_ManagerID_0='?' (DbType = Guid)], CommandType='"Text"', CommandTimeout='30']
SELECT TOP(1) [u].[ID], [u].[CreationDate], [u].[Email], [u].[JobTitle], [u].[ManagerID], [u].[MobileNumber], [u].[Name], [u].[Password], [u].[Type]
FROM [Users] AS [u]
WHERE ([u].[ID] = @__i_ManagerID_0) AND ([u].[Type] = 1)
[2022-07-30 15:40:45.096 +03:00  INF]  Executed DbCommand (0ms) [Parameters=[@__i_ManagerID_0='?' (DbType = Guid)], CommandType='"Text"', CommandTimeout='30']
SELECT TOP(1) [u].[ID], [u].[CreationDate], [u].[Email], [u].[JobTitle], [u].[ManagerID], [u].[MobileNumber], [u].[Name], [u].[Password], [u].[Type]
FROM [Users] AS [u]
WHERE ([u].[ID] = @__i_ManagerID_0) AND ([u].[Type] = 1)
[2022-07-30 15:40:45.096 +03:00  INF]  Executing OkObjectResult, writing value of type 'HRM.Models.Response`1[[System.Collections.Generic.List`1[[HRM.Models.UserDto, HRM.Models, Version=1.0.0.0, Culture=neutral, PublicKeyToken=null]], System.Private.CoreLib, Version=6.0.0.0, Culture=neutral, PublicKeyToken=7cec85d7bea7798e]]'.
[2022-07-30 15:40:45.097 +03:00  INF]  Executed action Controllers.UserController.GetAll (HRM.WebApi) in 112.4551ms
[2022-07-30 15:40:45.097 +03:00  INF]  Executed endpoint 'Controllers.UserController.GetAll (HRM.WebApi)'
[2022-07-30 15:40:45.097 +03:00  INF]  Request finished HTTP/1.1 POST https://localhost:7266/api/User/GetAll application/json;+charset=utf-8 - - 200 - application/json;+charset=utf-8 127.8197ms
[2022-07-30 15:41:45.607 +03:00  INF]  Request starting HTTP/1.1 POST https://localhost:7266/api/User/GetAll application/json;+charset=utf-8 -
[2022-07-30 15:41:45.608 +03:00  INF]  Executing endpoint 'Controllers.UserController.GetAll (HRM.WebApi)'
[2022-07-30 15:41:45.609 +03:00  INF]  Route matched with {action = "GetAll", controller = "User"}. Executing controller action with signature Microsoft.AspNetCore.Mvc.IActionResult GetAll(HRM.Models.UserPaging) on controller Controllers.UserController (HRM.WebApi).
[2022-07-30 15:41:45.611 +03:00  INF]  Entity Framework Core 6.0.6 initialized 'HrmContext' using provider 'Microsoft.EntityFrameworkCore.SqlServer:6.0.6' with options: None
[2022-07-30 15:41:45.617 +03:00  INF]  Executed DbCommand (4ms) [Parameters=[@__p_2='?' (DbType = Int32), @__p_0='?' (DbType = Int32), @__page_ManagerId_1='?' (DbType = Guid)], CommandType='"Text"', CommandTimeout='30']
SELECT TOP(@__p_2) [t].[ID], [t].[CreationDate], [t].[Email], [t].[JobTitle], [t].[ManagerID], [t].[MobileNumber], [t].[Name], [t].[Password], [t].[Type]
FROM (
    SELECT [u].[ID], [u].[CreationDate], [u].[Email], [u].[JobTitle], [u].[ManagerID], [u].[MobileNumber], [u].[Name], [u].[Password], [u].[Type]
    FROM [Users] AS [u]
    ORDER BY (SELECT 1)
    OFFSET @__p_0 ROWS
) AS [t]
WHERE ([t].[ManagerID] = @__page_ManagerId_1) AND ([t].[ID] <> @__page_ManagerId_1)
[2022-07-30 15:41:45.620 +03:00  INF]  Executed DbCommand (2ms) [Parameters=[@__i_ManagerID_0='?' (DbType = Guid)], CommandType='"Text"', CommandTimeout='30']
SELECT TOP(1) [u].[ID], [u].[CreationDate], [u].[Email], [u].[JobTitle], [u].[ManagerID], [u].[MobileNumber], [u].[Name], [u].[Password], [u].[Type]
FROM [Users] AS [u]
WHERE ([u].[ID] = @__i_ManagerID_0) AND ([u].[Type] = 1)
[2022-07-30 15:41:45.621 +03:00  INF]  Executed DbCommand (0ms) [Parameters=[@__i_ManagerID_0='?' (DbType = Guid)], CommandType='"Text"', CommandTimeout='30']
SELECT TOP(1) [u].[ID], [u].[CreationDate], [u].[Email], [u].[JobTitle], [u].[ManagerID], [u].[MobileNumber], [u].[Name], [u].[Password], [u].[Type]
FROM [Users] AS [u]
WHERE ([u].[ID] = @__i_ManagerID_0) AND ([u].[Type] = 1)
[2022-07-30 15:41:45.621 +03:00  INF]  Executing OkObjectResult, writing value of type 'HRM.Models.Response`1[[System.Collections.Generic.List`1[[HRM.Models.UserDto, HRM.Models, Version=1.0.0.0, Culture=neutral, PublicKeyToken=null]], System.Private.CoreLib, Version=6.0.0.0, Culture=neutral, PublicKeyToken=7cec85d7bea7798e]]'.
[2022-07-30 15:41:45.621 +03:00  INF]  Executed action Controllers.UserController.GetAll (HRM.WebApi) in 12.7415ms
[2022-07-30 15:41:45.621 +03:00  INF]  Executed endpoint 'Controllers.UserController.GetAll (HRM.WebApi)'
[2022-07-30 15:41:45.622 +03:00  INF]  Request finished HTTP/1.1 POST https://localhost:7266/api/User/GetAll application/json;+charset=utf-8 - - 200 - application/json;+charset=utf-8 14.8605ms
[2022-07-30 15:47:31.846 +03:00  INF]  Request starting HTTP/1.1 POST https://localhost:7266/api/User/GetAll application/json;+charset=utf-8 -
[2022-07-30 15:47:31.847 +03:00  INF]  Executing endpoint 'Controllers.UserController.GetAll (HRM.WebApi)'
[2022-07-30 15:47:31.847 +03:00  INF]  Route matched with {action = "GetAll", controller = "User"}. Executing controller action with signature Microsoft.AspNetCore.Mvc.IActionResult GetAll(HRM.Models.UserPaging) on controller Controllers.UserController (HRM.WebApi).
[2022-07-30 15:47:31.853 +03:00  INF]  Entity Framework Core 6.0.6 initialized 'HrmContext' using provider 'Microsoft.EntityFrameworkCore.SqlServer:6.0.6' with options: None
[2022-07-30 15:47:31.890 +03:00  INF]  Executed DbCommand (23ms) [Parameters=[@__p_2='?' (DbType = Int32), @__p_0='?' (DbType = Int32), @__page_ManagerId_1='?' (DbType = Guid)], CommandType='"Text"', CommandTimeout='30']
SELECT TOP(@__p_2) [t].[ID], [t].[CreationDate], [t].[Email], [t].[JobTitle], [t].[ManagerID], [t].[MobileNumber], [t].[Name], [t].[Password], [t].[Type]
FROM (
    SELECT [u].[ID], [u].[CreationDate], [u].[Email], [u].[JobTitle], [u].[ManagerID], [u].[MobileNumber], [u].[Name], [u].[Password], [u].[Type]
    FROM [Users] AS [u]
    ORDER BY (SELECT 1)
    OFFSET @__p_0 ROWS
) AS [t]
WHERE ([t].[ManagerID] = @__page_ManagerId_1) AND ([t].[ID] <> @__page_ManagerId_1)
[2022-07-30 15:47:31.896 +03:00  INF]  Executed DbCommand (5ms) [Parameters=[@__i_ManagerID_0='?' (DbType = Guid)], CommandType='"Text"', CommandTimeout='30']
SELECT TOP(1) [u].[ID], [u].[CreationDate], [u].[Email], [u].[JobTitle], [u].[ManagerID], [u].[MobileNumber], [u].[Name], [u].[Password], [u].[Type]
FROM [Users] AS [u]
WHERE ([u].[ID] = @__i_ManagerID_0) AND ([u].[Type] = 1)
[2022-07-30 15:47:31.897 +03:00  INF]  Executed DbCommand (0ms) [Parameters=[@__i_ManagerID_0='?' (DbType = Guid)], CommandType='"Text"', CommandTimeout='30']
SELECT TOP(1) [u].[ID], [u].[CreationDate], [u].[Email], [u].[JobTitle], [u].[ManagerID], [u].[MobileNumber], [u].[Name], [u].[Password], [u].[Type]
FROM [Users] AS [u]
WHERE ([u].[ID] = @__i_ManagerID_0) AND ([u].[Type] = 1)
[2022-07-30 15:47:31.898 +03:00  INF]  Executing OkObjectResult, writing value of type 'HRM.Models.Response`1[[System.Collections.Generic.List`1[[HRM.Models.UserDto, HRM.Models, Version=1.0.0.0, Culture=neutral, PublicKeyToken=null]], System.Private.CoreLib, Version=6.0.0.0, Culture=neutral, PublicKeyToken=7cec85d7bea7798e]]'.
[2022-07-30 15:47:31.898 +03:00  INF]  Executed action Controllers.UserController.GetAll (HRM.WebApi) in 50.8331ms
[2022-07-30 15:47:31.898 +03:00  INF]  Executed endpoint 'Controllers.UserController.GetAll (HRM.WebApi)'
[2022-07-30 15:47:31.898 +03:00  INF]  Request finished HTTP/1.1 POST https://localhost:7266/api/User/GetAll application/json;+charset=utf-8 - - 200 - application/json;+charset=utf-8 52.4349ms
[2022-07-30 15:47:37.325 +03:00  INF]  Request starting HTTP/2 GET https://localhost:7266/swagger/index.html - -
[2022-07-30 15:47:37.468 +03:00  INF]  Request finished HTTP/2 GET https://localhost:7266/swagger/index.html - - - 200 - text/html;charset=utf-8 142.8608ms
[2022-07-30 15:47:37.514 +03:00  INF]  Request starting HTTP/2 GET https://localhost:7266/_vs/browserLink - -
[2022-07-30 15:47:37.515 +03:00  INF]  Request starting HTTP/2 GET https://localhost:7266/_framework/aspnetcore-browser-refresh.js - -
[2022-07-30 15:47:37.515 +03:00  INF]  Request finished HTTP/2 GET https://localhost:7266/_framework/aspnetcore-browser-refresh.js - - - 200 11990 application/javascript;+charset=utf-8 0.3574ms
[2022-07-30 15:47:37.545 +03:00  INF]  Request finished HTTP/2 GET https://localhost:7266/_vs/browserLink - - - 200 - text/javascript;+charset=UTF-8 31.2600ms
[2022-07-30 15:47:38.345 +03:00  INF]  Request starting HTTP/2 GET https://localhost:7266/swagger/v1/swagger.json - -
[2022-07-30 15:47:38.354 +03:00  INF]  Request finished HTTP/2 GET https://localhost:7266/swagger/v1/swagger.json - - - 200 - application/json;charset=utf-8 8.0960ms
[2022-07-30 15:47:42.461 +03:00  INF]  Request starting HTTP/1.1 POST https://localhost:7266/api/User/GetAll application/json;+charset=utf-8 -
[2022-07-30 15:47:42.462 +03:00  INF]  Executing endpoint 'Controllers.UserController.GetAll (HRM.WebApi)'
[2022-07-30 15:47:42.462 +03:00  INF]  Route matched with {action = "GetAll", controller = "User"}. Executing controller action with signature Microsoft.AspNetCore.Mvc.IActionResult GetAll(HRM.Models.UserPaging) on controller Controllers.UserController (HRM.WebApi).
[2022-07-30 15:47:42.466 +03:00  INF]  Entity Framework Core 6.0.6 initialized 'HrmContext' using provider 'Microsoft.EntityFrameworkCore.SqlServer:6.0.6' with options: None
[2022-07-30 15:47:42.478 +03:00  INF]  Executed DbCommand (10ms) [Parameters=[@__p_2='?' (DbType = Int32), @__p_0='?' (DbType = Int32), @__page_ManagerId_1='?' (DbType = Guid)], CommandType='"Text"', CommandTimeout='30']
SELECT TOP(@__p_2) [t].[ID], [t].[CreationDate], [t].[Email], [t].[JobTitle], [t].[ManagerID], [t].[MobileNumber], [t].[Name], [t].[Password], [t].[Type]
FROM (
    SELECT [u].[ID], [u].[CreationDate], [u].[Email], [u].[JobTitle], [u].[ManagerID], [u].[MobileNumber], [u].[Name], [u].[Password], [u].[Type]
    FROM [Users] AS [u]
    ORDER BY (SELECT 1)
    OFFSET @__p_0 ROWS
) AS [t]
WHERE ([t].[ManagerID] = @__page_ManagerId_1) AND ([t].[ID] <> @__page_ManagerId_1)
[2022-07-30 15:47:42.487 +03:00  INF]  Executed DbCommand (7ms) [Parameters=[@__i_ManagerID_0='?' (DbType = Guid)], CommandType='"Text"', CommandTimeout='30']
SELECT TOP(1) [u].[ID], [u].[CreationDate], [u].[Email], [u].[JobTitle], [u].[ManagerID], [u].[MobileNumber], [u].[Name], [u].[Password], [u].[Type]
FROM [Users] AS [u]
WHERE ([u].[ID] = @__i_ManagerID_0) AND ([u].[Type] = 1)
[2022-07-30 15:47:42.490 +03:00  INF]  Executed DbCommand (3ms) [Parameters=[@__i_ManagerID_0='?' (DbType = Guid)], CommandType='"Text"', CommandTimeout='30']
SELECT TOP(1) [u].[ID], [u].[CreationDate], [u].[Email], [u].[JobTitle], [u].[ManagerID], [u].[MobileNumber], [u].[Name], [u].[Password], [u].[Type]
FROM [Users] AS [u]
WHERE ([u].[ID] = @__i_ManagerID_0) AND ([u].[Type] = 1)
[2022-07-30 15:47:42.491 +03:00  INF]  Executing OkObjectResult, writing value of type 'HRM.Models.Response`1[[System.Collections.Generic.List`1[[HRM.Models.UserDto, HRM.Models, Version=1.0.0.0, Culture=neutral, PublicKeyToken=null]], System.Private.CoreLib, Version=6.0.0.0, Culture=neutral, PublicKeyToken=7cec85d7bea7798e]]'.
[2022-07-30 15:47:42.491 +03:00  INF]  Executed action Controllers.UserController.GetAll (HRM.WebApi) in 29.0851ms
[2022-07-30 15:47:42.491 +03:00  INF]  Executed endpoint 'Controllers.UserController.GetAll (HRM.WebApi)'
[2022-07-30 15:47:42.491 +03:00  INF]  Request finished HTTP/1.1 POST https://localhost:7266/api/User/GetAll application/json;+charset=utf-8 - - 200 - application/json;+charset=utf-8 30.5886ms
[2022-07-30 15:47:53.331 +03:00  INF]  Request starting HTTP/1.1 POST https://localhost:7266/api/User/GetAll application/json;+charset=utf-8 -
[2022-07-30 15:47:53.332 +03:00  INF]  Executing endpoint 'Controllers.UserController.GetAll (HRM.WebApi)'
[2022-07-30 15:47:53.332 +03:00  INF]  Route matched with {action = "GetAll", controller = "User"}. Executing controller action with signature Microsoft.AspNetCore.Mvc.IActionResult GetAll(HRM.Models.UserPaging) on controller Controllers.UserController (HRM.WebApi).
[2022-07-30 15:47:53.333 +03:00  INF]  Entity Framework Core 6.0.6 initialized 'HrmContext' using provider 'Microsoft.EntityFrameworkCore.SqlServer:6.0.6' with options: None
[2022-07-30 15:47:53.360 +03:00  INF]  Executed DbCommand (26ms) [Parameters=[@__p_2='?' (DbType = Int32), @__p_0='?' (DbType = Int32), @__page_ManagerId_1='?' (DbType = Guid)], CommandType='"Text"', CommandTimeout='30']
SELECT TOP(@__p_2) [t].[ID], [t].[CreationDate], [t].[Email], [t].[JobTitle], [t].[ManagerID], [t].[MobileNumber], [t].[Name], [t].[Password], [t].[Type]
FROM (
    SELECT [u].[ID], [u].[CreationDate], [u].[Email], [u].[JobTitle], [u].[ManagerID], [u].[MobileNumber], [u].[Name], [u].[Password], [u].[Type]
    FROM [Users] AS [u]
    ORDER BY (SELECT 1)
    OFFSET @__p_0 ROWS
) AS [t]
WHERE ([t].[ManagerID] = @__page_ManagerId_1) AND ([t].[ID] <> @__page_ManagerId_1)
[2022-07-30 15:47:53.363 +03:00  INF]  Executed DbCommand (2ms) [Parameters=[@__i_ManagerID_0='?' (DbType = Guid)], CommandType='"Text"', CommandTimeout='30']
SELECT TOP(1) [u].[ID], [u].[CreationDate], [u].[Email], [u].[JobTitle], [u].[ManagerID], [u].[MobileNumber], [u].[Name], [u].[Password], [u].[Type]
FROM [Users] AS [u]
WHERE ([u].[ID] = @__i_ManagerID_0) AND ([u].[Type] = 1)
[2022-07-30 15:47:53.366 +03:00  INF]  Executed DbCommand (2ms) [Parameters=[@__i_ManagerID_0='?' (DbType = Guid)], CommandType='"Text"', CommandTimeout='30']
SELECT TOP(1) [u].[ID], [u].[CreationDate], [u].[Email], [u].[JobTitle], [u].[ManagerID], [u].[MobileNumber], [u].[Name], [u].[Password], [u].[Type]
FROM [Users] AS [u]
WHERE ([u].[ID] = @__i_ManagerID_0) AND ([u].[Type] = 1)
[2022-07-30 15:47:53.366 +03:00  INF]  Executing OkObjectResult, writing value of type 'HRM.Models.Response`1[[System.Collections.Generic.List`1[[HRM.Models.UserDto, HRM.Models, Version=1.0.0.0, Culture=neutral, PublicKeyToken=null]], System.Private.CoreLib, Version=6.0.0.0, Culture=neutral, PublicKeyToken=7cec85d7bea7798e]]'.
[2022-07-30 15:47:53.367 +03:00  INF]  Executed action Controllers.UserController.GetAll (HRM.WebApi) in 35.549ms
[2022-07-30 15:47:53.368 +03:00  INF]  Executed endpoint 'Controllers.UserController.GetAll (HRM.WebApi)'
[2022-07-30 15:47:53.368 +03:00  INF]  Request finished HTTP/1.1 POST https://localhost:7266/api/User/GetAll application/json;+charset=utf-8 - - 200 - application/json;+charset=utf-8 36.9445ms
[2022-07-30 15:49:21.581 +03:00  INF]  Request starting HTTP/1.1 POST https://localhost:7266/api/User/GetAll application/json;+charset=utf-8 -
[2022-07-30 15:49:21.582 +03:00  INF]  Executing endpoint 'Controllers.UserController.GetAll (HRM.WebApi)'
[2022-07-30 15:49:21.582 +03:00  INF]  Route matched with {action = "GetAll", controller = "User"}. Executing controller action with signature Microsoft.AspNetCore.Mvc.IActionResult GetAll(HRM.Models.UserPaging) on controller Controllers.UserController (HRM.WebApi).
[2022-07-30 15:49:21.593 +03:00  INF]  Entity Framework Core 6.0.6 initialized 'HrmContext' using provider 'Microsoft.EntityFrameworkCore.SqlServer:6.0.6' with options: None
[2022-07-30 15:49:21.609 +03:00  INF]  Executed DbCommand (12ms) [Parameters=[@__p_2='?' (DbType = Int32), @__p_0='?' (DbType = Int32), @__page_ManagerId_1='?' (DbType = Guid)], CommandType='"Text"', CommandTimeout='30']
SELECT TOP(@__p_2) [t].[ID], [t].[CreationDate], [t].[Email], [t].[JobTitle], [t].[ManagerID], [t].[MobileNumber], [t].[Name], [t].[Password], [t].[Type]
FROM (
    SELECT [u].[ID], [u].[CreationDate], [u].[Email], [u].[JobTitle], [u].[ManagerID], [u].[MobileNumber], [u].[Name], [u].[Password], [u].[Type]
    FROM [Users] AS [u]
    ORDER BY (SELECT 1)
    OFFSET @__p_0 ROWS
) AS [t]
WHERE ([t].[ManagerID] = @__page_ManagerId_1) AND ([t].[ID] <> @__page_ManagerId_1)
[2022-07-30 15:49:21.639 +03:00  INF]  Executed DbCommand (29ms) [Parameters=[@__i_ManagerID_0='?' (DbType = Guid)], CommandType='"Text"', CommandTimeout='30']
SELECT TOP(1) [u].[ID], [u].[CreationDate], [u].[Email], [u].[JobTitle], [u].[ManagerID], [u].[MobileNumber], [u].[Name], [u].[Password], [u].[Type]
FROM [Users] AS [u]
WHERE ([u].[ID] = @__i_ManagerID_0) AND ([u].[Type] = 1)
[2022-07-30 15:49:21.650 +03:00  INF]  Executed DbCommand (11ms) [Parameters=[@__i_ManagerID_0='?' (DbType = Guid)], CommandType='"Text"', CommandTimeout='30']
SELECT TOP(1) [u].[ID], [u].[CreationDate], [u].[Email], [u].[JobTitle], [u].[ManagerID], [u].[MobileNumber], [u].[Name], [u].[Password], [u].[Type]
FROM [Users] AS [u]
WHERE ([u].[ID] = @__i_ManagerID_0) AND ([u].[Type] = 1)
[2022-07-30 15:49:21.650 +03:00  INF]  Executing OkObjectResult, writing value of type 'HRM.Models.Response`1[[System.Collections.Generic.List`1[[HRM.Models.UserDto, HRM.Models, Version=1.0.0.0, Culture=neutral, PublicKeyToken=null]], System.Private.CoreLib, Version=6.0.0.0, Culture=neutral, PublicKeyToken=7cec85d7bea7798e]]'.
[2022-07-30 15:49:21.650 +03:00  INF]  Executed action Controllers.UserController.GetAll (HRM.WebApi) in 68.4215ms
[2022-07-30 15:49:21.650 +03:00  INF]  Executed endpoint 'Controllers.UserController.GetAll (HRM.WebApi)'
[2022-07-30 15:49:21.650 +03:00  INF]  Request finished HTTP/1.1 POST https://localhost:7266/api/User/GetAll application/json;+charset=utf-8 - - 200 - application/json;+charset=utf-8 69.6754ms
[2022-07-30 15:49:25.026 +03:00  INF]  Request starting HTTP/1.1 POST https://localhost:7266/api/User/GetAll application/json;+charset=utf-8 -
[2022-07-30 15:49:25.027 +03:00  INF]  Executing endpoint 'Controllers.UserController.GetAll (HRM.WebApi)'
[2022-07-30 15:49:25.027 +03:00  INF]  Route matched with {action = "GetAll", controller = "User"}. Executing controller action with signature Microsoft.AspNetCore.Mvc.IActionResult GetAll(HRM.Models.UserPaging) on controller Controllers.UserController (HRM.WebApi).
[2022-07-30 15:49:25.030 +03:00  INF]  Entity Framework Core 6.0.6 initialized 'HrmContext' using provider 'Microsoft.EntityFrameworkCore.SqlServer:6.0.6' with options: None
[2022-07-30 15:49:25.039 +03:00  INF]  Executed DbCommand (8ms) [Parameters=[@__p_2='?' (DbType = Int32), @__p_0='?' (DbType = Int32), @__page_ManagerId_1='?' (DbType = Guid)], CommandType='"Text"', CommandTimeout='30']
SELECT TOP(@__p_2) [t].[ID], [t].[CreationDate], [t].[Email], [t].[JobTitle], [t].[ManagerID], [t].[MobileNumber], [t].[Name], [t].[Password], [t].[Type]
FROM (
    SELECT [u].[ID], [u].[CreationDate], [u].[Email], [u].[JobTitle], [u].[ManagerID], [u].[MobileNumber], [u].[Name], [u].[Password], [u].[Type]
    FROM [Users] AS [u]
    ORDER BY (SELECT 1)
    OFFSET @__p_0 ROWS
) AS [t]
WHERE ([t].[ManagerID] = @__page_ManagerId_1) AND ([t].[ID] <> @__page_ManagerId_1)
[2022-07-30 15:49:25.069 +03:00  INF]  Executed DbCommand (29ms) [Parameters=[@__i_ManagerID_0='?' (DbType = Guid)], CommandType='"Text"', CommandTimeout='30']
SELECT TOP(1) [u].[ID], [u].[CreationDate], [u].[Email], [u].[JobTitle], [u].[ManagerID], [u].[MobileNumber], [u].[Name], [u].[Password], [u].[Type]
FROM [Users] AS [u]
WHERE ([u].[ID] = @__i_ManagerID_0) AND ([u].[Type] = 1)
[2022-07-30 15:49:25.093 +03:00  INF]  Executed DbCommand (23ms) [Parameters=[@__i_ManagerID_0='?' (DbType = Guid)], CommandType='"Text"', CommandTimeout='30']
SELECT TOP(1) [u].[ID], [u].[CreationDate], [u].[Email], [u].[JobTitle], [u].[ManagerID], [u].[MobileNumber], [u].[Name], [u].[Password], [u].[Type]
FROM [Users] AS [u]
WHERE ([u].[ID] = @__i_ManagerID_0) AND ([u].[Type] = 1)
[2022-07-30 15:49:25.093 +03:00  INF]  Executing OkObjectResult, writing value of type 'HRM.Models.Response`1[[System.Collections.Generic.List`1[[HRM.Models.UserDto, HRM.Models, Version=1.0.0.0, Culture=neutral, PublicKeyToken=null]], System.Private.CoreLib, Version=6.0.0.0, Culture=neutral, PublicKeyToken=7cec85d7bea7798e]]'.
[2022-07-30 15:49:25.093 +03:00  INF]  Executed action Controllers.UserController.GetAll (HRM.WebApi) in 65.947ms
[2022-07-30 15:49:25.093 +03:00  INF]  Executed endpoint 'Controllers.UserController.GetAll (HRM.WebApi)'
[2022-07-30 15:49:25.093 +03:00  INF]  Request finished HTTP/1.1 POST https://localhost:7266/api/User/GetAll application/json;+charset=utf-8 - - 200 - application/json;+charset=utf-8 67.3034ms
[2022-07-30 15:49:43.216 +03:00  INF]  Request starting HTTP/1.1 POST https://localhost:7266/api/User/GetAll application/json;+charset=utf-8 -
[2022-07-30 15:49:43.216 +03:00  INF]  Executing endpoint 'Controllers.UserController.GetAll (HRM.WebApi)'
[2022-07-30 15:49:43.216 +03:00  INF]  Route matched with {action = "GetAll", controller = "User"}. Executing controller action with signature Microsoft.AspNetCore.Mvc.IActionResult GetAll(HRM.Models.UserPaging) on controller Controllers.UserController (HRM.WebApi).
[2022-07-30 15:49:43.218 +03:00  INF]  Entity Framework Core 6.0.6 initialized 'HrmContext' using provider 'Microsoft.EntityFrameworkCore.SqlServer:6.0.6' with options: None
[2022-07-30 15:49:43.258 +03:00  INF]  Executed DbCommand (39ms) [Parameters=[@__p_2='?' (DbType = Int32), @__p_0='?' (DbType = Int32), @__page_ManagerId_1='?' (DbType = Guid)], CommandType='"Text"', CommandTimeout='30']
SELECT TOP(@__p_2) [t].[ID], [t].[CreationDate], [t].[Email], [t].[JobTitle], [t].[ManagerID], [t].[MobileNumber], [t].[Name], [t].[Password], [t].[Type]
FROM (
    SELECT [u].[ID], [u].[CreationDate], [u].[Email], [u].[JobTitle], [u].[ManagerID], [u].[MobileNumber], [u].[Name], [u].[Password], [u].[Type]
    FROM [Users] AS [u]
    ORDER BY (SELECT 1)
    OFFSET @__p_0 ROWS
) AS [t]
WHERE ([t].[ManagerID] = @__page_ManagerId_1) AND ([t].[ID] <> @__page_ManagerId_1)
[2022-07-30 15:49:43.315 +03:00  INF]  Executed DbCommand (55ms) [Parameters=[@__i_ManagerID_0='?' (DbType = Guid)], CommandType='"Text"', CommandTimeout='30']
SELECT TOP(1) [u].[ID], [u].[CreationDate], [u].[Email], [u].[JobTitle], [u].[ManagerID], [u].[MobileNumber], [u].[Name], [u].[Password], [u].[Type]
FROM [Users] AS [u]
WHERE ([u].[ID] = @__i_ManagerID_0) AND ([u].[Type] = 1)
[2022-07-30 15:49:43.430 +03:00  INF]  Executed DbCommand (115ms) [Parameters=[@__i_ManagerID_0='?' (DbType = Guid)], CommandType='"Text"', CommandTimeout='30']
SELECT TOP(1) [u].[ID], [u].[CreationDate], [u].[Email], [u].[JobTitle], [u].[ManagerID], [u].[MobileNumber], [u].[Name], [u].[Password], [u].[Type]
FROM [Users] AS [u]
WHERE ([u].[ID] = @__i_ManagerID_0) AND ([u].[Type] = 1)
[2022-07-30 15:49:43.430 +03:00  INF]  Executing OkObjectResult, writing value of type 'HRM.Models.Response`1[[System.Collections.Generic.List`1[[HRM.Models.UserDto, HRM.Models, Version=1.0.0.0, Culture=neutral, PublicKeyToken=null]], System.Private.CoreLib, Version=6.0.0.0, Culture=neutral, PublicKeyToken=7cec85d7bea7798e]]'.
[2022-07-30 15:49:43.431 +03:00  INF]  Executed action Controllers.UserController.GetAll (HRM.WebApi) in 214.2191ms
[2022-07-30 15:49:43.431 +03:00  INF]  Executed endpoint 'Controllers.UserController.GetAll (HRM.WebApi)'
[2022-07-30 15:49:43.431 +03:00  INF]  Request finished HTTP/1.1 POST https://localhost:7266/api/User/GetAll application/json;+charset=utf-8 - - 200 - application/json;+charset=utf-8 215.2442ms
[2022-07-30 15:50:33.736 +03:00  INF]  Request starting HTTP/1.1 POST https://localhost:7266/api/User/Login application/json;+charset=utf-8 -
[2022-07-30 15:50:33.741 +03:00  INF]  Executing endpoint 'Controllers.UserController.Login (HRM.WebApi)'
[2022-07-30 15:50:33.741 +03:00  INF]  Route matched with {action = "Login", controller = "User"}. Executing controller action with signature System.Threading.Tasks.Task`1[Microsoft.AspNetCore.Mvc.IActionResult] Login(HRM.Models.LoginDto) on controller Controllers.UserController (HRM.WebApi).
[2022-07-30 15:50:33.745 +03:00  INF]  Entity Framework Core 6.0.6 initialized 'HrmContext' using provider 'Microsoft.EntityFrameworkCore.SqlServer:6.0.6' with options: None
[2022-07-30 15:50:33.749 +03:00  INF]  Executed DbCommand (3ms) [Parameters=[@__loginDto_UserName_0='?' (Size = 100)], CommandType='"Text"', CommandTimeout='30']
SELECT TOP(1) [u].[ID], [u].[CreationDate], [u].[Email], [u].[JobTitle], [u].[ManagerID], [u].[MobileNumber], [u].[Name], [u].[Password], [u].[Type]
FROM [Users] AS [u]
WHERE [u].[Email] = @__loginDto_UserName_0
[2022-07-30 15:50:33.751 +03:00  INF]  Executed DbCommand (2ms) [Parameters=[@__user_ManagerID_0='?' (DbType = Guid)], CommandType='"Text"', CommandTimeout='30']
SELECT TOP(1) [u].[ID], [u].[CreationDate], [u].[Email], [u].[JobTitle], [u].[ManagerID], [u].[MobileNumber], [u].[Name], [u].[Password], [u].[Type]
FROM [Users] AS [u]
WHERE ([u].[ID] = @__user_ManagerID_0) AND ([u].[Type] = 1)
[2022-07-30 15:50:33.752 +03:00  INF]  Executing OkObjectResult, writing value of type 'HRM.Models.LoginResponse'.
[2022-07-30 15:50:33.752 +03:00  INF]  Executed action Controllers.UserController.Login (HRM.WebApi) in 10.5509ms
[2022-07-30 15:50:33.752 +03:00  INF]  Executed endpoint 'Controllers.UserController.Login (HRM.WebApi)'
[2022-07-30 15:50:33.752 +03:00  INF]  Request finished HTTP/1.1 POST https://localhost:7266/api/User/Login application/json;+charset=utf-8 - - 200 - application/json;+charset=utf-8 16.2042ms
[2022-07-30 15:50:36.397 +03:00  INF]  Request starting HTTP/1.1 POST https://localhost:7266/api/User/GetAll application/json;+charset=utf-8 -
[2022-07-30 15:50:36.402 +03:00  INF]  Executing endpoint 'Controllers.UserController.GetAll (HRM.WebApi)'
[2022-07-30 15:50:36.402 +03:00  INF]  Route matched with {action = "GetAll", controller = "User"}. Executing controller action with signature Microsoft.AspNetCore.Mvc.IActionResult GetAll(HRM.Models.UserPaging) on controller Controllers.UserController (HRM.WebApi).
[2022-07-30 15:50:36.424 +03:00  INF]  Entity Framework Core 6.0.6 initialized 'HrmContext' using provider 'Microsoft.EntityFrameworkCore.SqlServer:6.0.6' with options: None
[2022-07-30 15:50:36.437 +03:00  INF]  Executed DbCommand (9ms) [Parameters=[@__p_2='?' (DbType = Int32), @__p_0='?' (DbType = Int32), @__page_ManagerId_1='?' (DbType = Guid)], CommandType='"Text"', CommandTimeout='30']
SELECT TOP(@__p_2) [t].[ID], [t].[CreationDate], [t].[Email], [t].[JobTitle], [t].[ManagerID], [t].[MobileNumber], [t].[Name], [t].[Password], [t].[Type]
FROM (
    SELECT [u].[ID], [u].[CreationDate], [u].[Email], [u].[JobTitle], [u].[ManagerID], [u].[MobileNumber], [u].[Name], [u].[Password], [u].[Type]
    FROM [Users] AS [u]
    ORDER BY (SELECT 1)
    OFFSET @__p_0 ROWS
) AS [t]
WHERE ([t].[ManagerID] = @__page_ManagerId_1) AND ([t].[ID] <> @__page_ManagerId_1)
[2022-07-30 15:50:36.445 +03:00  INF]  Executed DbCommand (6ms) [Parameters=[@__i_ManagerID_0='?' (DbType = Guid)], CommandType='"Text"', CommandTimeout='30']
SELECT TOP(1) [u].[ID], [u].[CreationDate], [u].[Email], [u].[JobTitle], [u].[ManagerID], [u].[MobileNumber], [u].[Name], [u].[Password], [u].[Type]
FROM [Users] AS [u]
WHERE ([u].[ID] = @__i_ManagerID_0) AND ([u].[Type] = 1)
[2022-07-30 15:50:36.448 +03:00  INF]  Executed DbCommand (2ms) [Parameters=[@__i_ManagerID_0='?' (DbType = Guid)], CommandType='"Text"', CommandTimeout='30']
SELECT TOP(1) [u].[ID], [u].[CreationDate], [u].[Email], [u].[JobTitle], [u].[ManagerID], [u].[MobileNumber], [u].[Name], [u].[Password], [u].[Type]
FROM [Users] AS [u]
WHERE ([u].[ID] = @__i_ManagerID_0) AND ([u].[Type] = 1)
[2022-07-30 15:50:36.448 +03:00  INF]  Executing OkObjectResult, writing value of type 'HRM.Models.Response`1[[System.Collections.Generic.List`1[[HRM.Models.UserDto, HRM.Models, Version=1.0.0.0, Culture=neutral, PublicKeyToken=null]], System.Private.CoreLib, Version=6.0.0.0, Culture=neutral, PublicKeyToken=7cec85d7bea7798e]]'.
[2022-07-30 15:50:36.449 +03:00  INF]  Executed action Controllers.UserController.GetAll (HRM.WebApi) in 46.5272ms
[2022-07-30 15:50:36.449 +03:00  INF]  Executed endpoint 'Controllers.UserController.GetAll (HRM.WebApi)'
[2022-07-30 15:50:36.449 +03:00  INF]  Request finished HTTP/1.1 POST https://localhost:7266/api/User/GetAll application/json;+charset=utf-8 - - 200 - application/json;+charset=utf-8 51.7450ms
[2022-07-30 15:51:09.289 +03:00  INF]  User profile is available. Using 'C:\Users\kshah\AppData\Local\ASP.NET\DataProtection-Keys' as key repository and Windows DPAPI to encrypt keys at rest.
[2022-07-30 15:51:12.169 +03:00  INF]  Now listening on: https://localhost:7266
[2022-07-30 15:51:12.169 +03:00  INF]  Now listening on: http://localhost:5266
[2022-07-30 15:51:12.174 +03:00  INF]  Application started. Press Ctrl+C to shut down.
[2022-07-30 15:51:12.175 +03:00  INF]  Hosting environment: Development
[2022-07-30 15:51:12.175 +03:00  INF]  Content root path: C:\Users\kshah\OneDrive\Documents\GitHub\HRM\HRM.WebApi\
[2022-07-30 15:51:13.839 +03:00  INF]  Request starting HTTP/2 GET https://localhost:7266/swagger/index.html - -
[2022-07-30 15:51:15.347 +03:00  INF]  Request finished HTTP/2 GET https://localhost:7266/swagger/index.html - - - 200 - text/html;charset=utf-8 1514.9958ms
[2022-07-30 15:51:18.789 +03:00  INF]  Request starting HTTP/2 GET https://localhost:7266/_framework/aspnetcore-browser-refresh.js - -
[2022-07-30 15:51:18.795 +03:00  INF]  Request finished HTTP/2 GET https://localhost:7266/_framework/aspnetcore-browser-refresh.js - - - 200 11990 application/javascript;+charset=utf-8 5.2853ms
[2022-07-30 15:51:18.905 +03:00  INF]  Request starting HTTP/2 GET https://localhost:7266/_vs/browserLink - -
[2022-07-30 15:51:19.005 +03:00  INF]  Request finished HTTP/2 GET https://localhost:7266/_vs/browserLink - - - 200 - text/javascript;+charset=UTF-8 100.7606ms
[2022-07-30 15:51:20.465 +03:00  INF]  Request starting HTTP/1.1 POST https://localhost:7266/api/User/Login application/json;+charset=utf-8 -
[2022-07-30 15:51:20.966 +03:00  INF]  Executing endpoint 'Controllers.UserController.Login (HRM.WebApi)'
[2022-07-30 15:51:21.034 +03:00  INF]  Route matched with {action = "Login", controller = "User"}. Executing controller action with signature System.Threading.Tasks.Task`1[Microsoft.AspNetCore.Mvc.IActionResult] Login(HRM.Models.LoginDto) on controller Controllers.UserController (HRM.WebApi).
[2022-07-30 15:51:23.825 +03:00  INF]  Entity Framework Core 6.0.6 initialized 'HrmContext' using provider 'Microsoft.EntityFrameworkCore.SqlServer:6.0.6' with options: None
[2022-07-30 15:51:25.257 +03:00  INF]  Executed DbCommand (104ms) [Parameters=[@__loginDto_UserName_0='?' (Size = 100)], CommandType='"Text"', CommandTimeout='30']
SELECT TOP(1) [u].[ID], [u].[CreationDate], [u].[Email], [u].[JobTitle], [u].[ManagerID], [u].[MobileNumber], [u].[Name], [u].[Password], [u].[Type]
FROM [Users] AS [u]
WHERE [u].[Email] = @__loginDto_UserName_0
[2022-07-30 15:51:25.490 +03:00  INF]  Executed DbCommand (11ms) [Parameters=[@__user_ManagerID_0='?' (DbType = Guid)], CommandType='"Text"', CommandTimeout='30']
SELECT TOP(1) [u].[ID], [u].[CreationDate], [u].[Email], [u].[JobTitle], [u].[ManagerID], [u].[MobileNumber], [u].[Name], [u].[Password], [u].[Type]
FROM [Users] AS [u]
WHERE ([u].[ID] = @__user_ManagerID_0) AND ([u].[Type] = 1)
[2022-07-30 15:51:25.775 +03:00  INF]  Executing OkObjectResult, writing value of type 'HRM.Models.LoginResponse'.
[2022-07-30 15:51:25.831 +03:00  INF]  Executed action Controllers.UserController.Login (HRM.WebApi) in 4784.7941ms
[2022-07-30 15:51:25.832 +03:00  INF]  Executed endpoint 'Controllers.UserController.Login (HRM.WebApi)'
[2022-07-30 15:51:25.841 +03:00  INF]  Request finished HTTP/1.1 POST https://localhost:7266/api/User/Login application/json;+charset=utf-8 - - 200 - application/json;+charset=utf-8 5375.9777ms
[2022-07-30 15:51:26.358 +03:00  INF]  Request starting HTTP/2 GET https://localhost:7266/swagger/v1/swagger.json - -
[2022-07-30 15:51:26.525 +03:00  INF]  Request finished HTTP/2 GET https://localhost:7266/swagger/v1/swagger.json - - - 200 - application/json;charset=utf-8 166.3159ms
[2022-07-30 15:51:33.228 +03:00  INF]  Request starting HTTP/1.1 POST https://localhost:7266/api/User/GetAll application/json;+charset=utf-8 -
[2022-07-30 15:51:33.400 +03:00  INF]  Executing endpoint 'Controllers.UserController.GetAll (HRM.WebApi)'
[2022-07-30 15:51:33.403 +03:00  INF]  Route matched with {action = "GetAll", controller = "User"}. Executing controller action with signature Microsoft.AspNetCore.Mvc.IActionResult GetAll(HRM.Models.UserPaging) on controller Controllers.UserController (HRM.WebApi).
[2022-07-30 15:51:33.420 +03:00  INF]  Entity Framework Core 6.0.6 initialized 'HrmContext' using provider 'Microsoft.EntityFrameworkCore.SqlServer:6.0.6' with options: None
[2022-07-30 15:51:33.430 +03:00  WRN]  The query uses a row limiting operator ('Skip'/'Take') without an 'OrderBy' operator. This may lead to unpredictable results. If the 'Distinct' operator is used after 'OrderBy', then make sure to use the 'OrderBy' operator after 'Distinct' as the ordering would otherwise get erased.
[2022-07-30 15:51:33.450 +03:00  WRN]  The query uses a row limiting operator ('Skip'/'Take') without an 'OrderBy' operator. This may lead to unpredictable results. If the 'Distinct' operator is used after 'OrderBy', then make sure to use the 'OrderBy' operator after 'Distinct' as the ordering would otherwise get erased.
[2022-07-30 15:51:33.467 +03:00  INF]  Executed DbCommand (4ms) [Parameters=[@__p_2='?' (DbType = Int32), @__p_0='?' (DbType = Int32), @__page_ManagerId_1='?' (DbType = Guid)], CommandType='"Text"', CommandTimeout='30']
SELECT TOP(@__p_2) [t].[ID], [t].[CreationDate], [t].[Email], [t].[JobTitle], [t].[ManagerID], [t].[MobileNumber], [t].[Name], [t].[Password], [t].[Type]
FROM (
    SELECT [u].[ID], [u].[CreationDate], [u].[Email], [u].[JobTitle], [u].[ManagerID], [u].[MobileNumber], [u].[Name], [u].[Password], [u].[Type]
    FROM [Users] AS [u]
    ORDER BY (SELECT 1)
    OFFSET @__p_0 ROWS
) AS [t]
WHERE ([t].[ManagerID] = @__page_ManagerId_1) AND ([t].[ID] <> @__page_ManagerId_1)
[2022-07-30 15:51:33.474 +03:00  INF]  Executed DbCommand (2ms) [Parameters=[@__i_ManagerID_0='?' (DbType = Guid)], CommandType='"Text"', CommandTimeout='30']
SELECT TOP(1) [u].[ID], [u].[CreationDate], [u].[Email], [u].[JobTitle], [u].[ManagerID], [u].[MobileNumber], [u].[Name], [u].[Password], [u].[Type]
FROM [Users] AS [u]
WHERE ([u].[ID] = @__i_ManagerID_0) AND ([u].[Type] = 1)
[2022-07-30 15:51:33.478 +03:00  INF]  Executed DbCommand (0ms) [Parameters=[@__i_ManagerID_0='?' (DbType = Guid)], CommandType='"Text"', CommandTimeout='30']
SELECT TOP(1) [u].[ID], [u].[CreationDate], [u].[Email], [u].[JobTitle], [u].[ManagerID], [u].[MobileNumber], [u].[Name], [u].[Password], [u].[Type]
FROM [Users] AS [u]
WHERE ([u].[ID] = @__i_ManagerID_0) AND ([u].[Type] = 1)
[2022-07-30 15:51:33.479 +03:00  INF]  Executing OkObjectResult, writing value of type 'HRM.Models.Response`1[[System.Collections.Generic.List`1[[HRM.Models.UserDto, HRM.Models, Version=1.0.0.0, Culture=neutral, PublicKeyToken=null]], System.Private.CoreLib, Version=6.0.0.0, Culture=neutral, PublicKeyToken=7cec85d7bea7798e]]'.
[2022-07-30 15:51:33.481 +03:00  INF]  Executed action Controllers.UserController.GetAll (HRM.WebApi) in 77.6614ms
[2022-07-30 15:51:33.481 +03:00  INF]  Executed endpoint 'Controllers.UserController.GetAll (HRM.WebApi)'
[2022-07-30 15:51:33.481 +03:00  INF]  Request finished HTTP/1.1 POST https://localhost:7266/api/User/GetAll application/json;+charset=utf-8 - - 200 - application/json;+charset=utf-8 252.9644ms
[2022-07-30 15:51:49.049 +03:00  INF]  Request starting HTTP/1.1 POST https://localhost:7266/api/User/GetAll application/json;+charset=utf-8 -
[2022-07-30 15:51:49.054 +03:00  INF]  Executing endpoint 'Controllers.UserController.GetAll (HRM.WebApi)'
[2022-07-30 15:51:49.055 +03:00  INF]  Route matched with {action = "GetAll", controller = "User"}. Executing controller action with signature Microsoft.AspNetCore.Mvc.IActionResult GetAll(HRM.Models.UserPaging) on controller Controllers.UserController (HRM.WebApi).
[2022-07-30 15:51:49.214 +03:00  INF]  Entity Framework Core 6.0.6 initialized 'HrmContext' using provider 'Microsoft.EntityFrameworkCore.SqlServer:6.0.6' with options: None
[2022-07-30 15:51:49.225 +03:00  INF]  Executed DbCommand (8ms) [Parameters=[@__p_2='?' (DbType = Int32), @__p_0='?' (DbType = Int32), @__page_ManagerId_1='?' (DbType = Guid)], CommandType='"Text"', CommandTimeout='30']
SELECT TOP(@__p_2) [t].[ID], [t].[CreationDate], [t].[Email], [t].[JobTitle], [t].[ManagerID], [t].[MobileNumber], [t].[Name], [t].[Password], [t].[Type]
FROM (
    SELECT [u].[ID], [u].[CreationDate], [u].[Email], [u].[JobTitle], [u].[ManagerID], [u].[MobileNumber], [u].[Name], [u].[Password], [u].[Type]
    FROM [Users] AS [u]
    ORDER BY (SELECT 1)
    OFFSET @__p_0 ROWS
) AS [t]
WHERE ([t].[ManagerID] = @__page_ManagerId_1) AND ([t].[ID] <> @__page_ManagerId_1)
[2022-07-30 15:51:49.231 +03:00  INF]  Executed DbCommand (4ms) [Parameters=[@__i_ManagerID_0='?' (DbType = Guid)], CommandType='"Text"', CommandTimeout='30']
SELECT TOP(1) [u].[ID], [u].[CreationDate], [u].[Email], [u].[JobTitle], [u].[ManagerID], [u].[MobileNumber], [u].[Name], [u].[Password], [u].[Type]
FROM [Users] AS [u]
WHERE ([u].[ID] = @__i_ManagerID_0) AND ([u].[Type] = 1)
[2022-07-30 15:51:49.233 +03:00  INF]  Executed DbCommand (1ms) [Parameters=[@__i_ManagerID_0='?' (DbType = Guid)], CommandType='"Text"', CommandTimeout='30']
SELECT TOP(1) [u].[ID], [u].[CreationDate], [u].[Email], [u].[JobTitle], [u].[ManagerID], [u].[MobileNumber], [u].[Name], [u].[Password], [u].[Type]
FROM [Users] AS [u]
WHERE ([u].[ID] = @__i_ManagerID_0) AND ([u].[Type] = 1)
[2022-07-30 15:51:49.233 +03:00  INF]  Executing OkObjectResult, writing value of type 'HRM.Models.Response`1[[System.Collections.Generic.List`1[[HRM.Models.UserDto, HRM.Models, Version=1.0.0.0, Culture=neutral, PublicKeyToken=null]], System.Private.CoreLib, Version=6.0.0.0, Culture=neutral, PublicKeyToken=7cec85d7bea7798e]]'.
[2022-07-30 15:51:49.233 +03:00  INF]  Executed action Controllers.UserController.GetAll (HRM.WebApi) in 178.6404ms
[2022-07-30 15:51:49.234 +03:00  INF]  Executed endpoint 'Controllers.UserController.GetAll (HRM.WebApi)'
[2022-07-30 15:51:49.234 +03:00  INF]  Request finished HTTP/1.1 POST https://localhost:7266/api/User/GetAll application/json;+charset=utf-8 - - 200 - application/json;+charset=utf-8 184.9412ms
[2022-07-30 15:58:07.387 +03:00  INF]  User profile is available. Using 'C:\Users\kshah\AppData\Local\ASP.NET\DataProtection-Keys' as key repository and Windows DPAPI to encrypt keys at rest.
[2022-07-30 15:58:08.106 +03:00  INF]  Now listening on: https://localhost:7266
[2022-07-30 15:58:08.107 +03:00  INF]  Now listening on: http://localhost:5266
[2022-07-30 15:58:08.111 +03:00  INF]  Application started. Press Ctrl+C to shut down.
[2022-07-30 15:58:08.112 +03:00  INF]  Hosting environment: Development
[2022-07-30 15:58:08.112 +03:00  INF]  Content root path: C:\Users\kshah\OneDrive\Documents\GitHub\HRM\HRM.WebApi\
[2022-07-30 15:58:11.415 +03:00  INF]  Request starting HTTP/2 GET https://localhost:7266/swagger/index.html - -
[2022-07-30 15:58:12.161 +03:00  INF]  Request finished HTTP/2 GET https://localhost:7266/swagger/index.html - - - 200 - text/html;charset=utf-8 751.6663ms
[2022-07-30 15:58:12.426 +03:00  INF]  Request starting HTTP/2 GET https://localhost:7266/_framework/aspnetcore-browser-refresh.js - -
[2022-07-30 15:58:12.478 +03:00  INF]  Request starting HTTP/2 GET https://localhost:7266/_vs/browserLink - -
[2022-07-30 15:58:12.482 +03:00  INF]  Request finished HTTP/2 GET https://localhost:7266/_framework/aspnetcore-browser-refresh.js - - - 200 11990 application/javascript;+charset=utf-8 56.0874ms
[2022-07-30 15:58:13.024 +03:00  INF]  Request finished HTTP/2 GET https://localhost:7266/_vs/browserLink - - - 200 - text/javascript;+charset=UTF-8 545.9139ms
[2022-07-30 15:58:13.491 +03:00  INF]  Request starting HTTP/2 GET https://localhost:7266/swagger/v1/swagger.json - -
[2022-07-30 15:58:13.828 +03:00  INF]  Request finished HTTP/2 GET https://localhost:7266/swagger/v1/swagger.json - - - 200 - application/json;charset=utf-8 337.4860ms
[2022-07-30 15:58:30.082 +03:00  INF]  Request starting HTTP/1.1 POST https://localhost:7266/api/User/Login application/json;+charset=utf-8 -
[2022-07-30 15:58:30.297 +03:00  INF]  Executing endpoint 'Controllers.UserController.Login (HRM.WebApi)'
[2022-07-30 15:58:30.383 +03:00  INF]  Route matched with {action = "Login", controller = "User"}. Executing controller action with signature System.Threading.Tasks.Task`1[Microsoft.AspNetCore.Mvc.IActionResult] Login(HRM.Models.LoginDto) on controller Controllers.UserController (HRM.WebApi).
[2022-07-30 15:58:32.559 +03:00  INF]  Entity Framework Core 6.0.6 initialized 'HrmContext' using provider 'Microsoft.EntityFrameworkCore.SqlServer:6.0.6' with options: None
[2022-07-30 15:58:34.290 +03:00  INF]  Executed DbCommand (80ms) [Parameters=[@__loginDto_UserName_0='?' (Size = 100)], CommandType='"Text"', CommandTimeout='30']
SELECT TOP(1) [u].[ID], [u].[CreationDate], [u].[Email], [u].[JobTitle], [u].[ManagerID], [u].[MobileNumber], [u].[Name], [u].[Password], [u].[Type]
FROM [Users] AS [u]
WHERE [u].[Email] = @__loginDto_UserName_0
[2022-07-30 15:58:34.805 +03:00  INF]  Executed DbCommand (25ms) [Parameters=[@__user_ManagerID_0='?' (DbType = Guid)], CommandType='"Text"', CommandTimeout='30']
SELECT TOP(1) [u].[ID], [u].[CreationDate], [u].[Email], [u].[JobTitle], [u].[ManagerID], [u].[MobileNumber], [u].[Name], [u].[Password], [u].[Type]
FROM [Users] AS [u]
WHERE ([u].[ID] = @__user_ManagerID_0) AND ([u].[Type] = 1)
[2022-07-30 15:58:35.490 +03:00  INF]  Executing OkObjectResult, writing value of type 'HRM.Models.LoginResponse'.
[2022-07-30 15:58:35.609 +03:00  INF]  Executed action Controllers.UserController.Login (HRM.WebApi) in 5176.456ms
[2022-07-30 15:58:35.610 +03:00  INF]  Executed endpoint 'Controllers.UserController.Login (HRM.WebApi)'
[2022-07-30 15:58:35.619 +03:00  INF]  Request finished HTTP/1.1 POST https://localhost:7266/api/User/Login application/json;+charset=utf-8 - - 200 - application/json;+charset=utf-8 5537.5564ms
[2022-07-30 16:02:02.469 +03:00  INF]  User profile is available. Using 'C:\Users\kshah\AppData\Local\ASP.NET\DataProtection-Keys' as key repository and Windows DPAPI to encrypt keys at rest.
[2022-07-30 16:02:03.882 +03:00  INF]  Now listening on: https://localhost:7266
[2022-07-30 16:02:03.883 +03:00  INF]  Now listening on: http://localhost:5266
[2022-07-30 16:02:03.887 +03:00  INF]  Application started. Press Ctrl+C to shut down.
[2022-07-30 16:02:03.887 +03:00  INF]  Hosting environment: Development
[2022-07-30 16:02:03.887 +03:00  INF]  Content root path: C:\Users\kshah\OneDrive\Documents\GitHub\HRM\HRM.WebApi\
[2022-07-30 16:02:06.405 +03:00  INF]  Request starting HTTP/2 GET https://localhost:7266/swagger/index.html - -
[2022-07-30 16:02:07.269 +03:00  INF]  Request finished HTTP/2 GET https://localhost:7266/swagger/index.html - - - 200 - text/html;charset=utf-8 870.5085ms
[2022-07-30 16:02:07.534 +03:00  INF]  Request starting HTTP/2 GET https://localhost:7266/_framework/aspnetcore-browser-refresh.js - -
[2022-07-30 16:02:07.540 +03:00  INF]  Request starting HTTP/2 GET https://localhost:7266/_vs/browserLink - -
[2022-07-30 16:02:07.540 +03:00  INF]  Request finished HTTP/2 GET https://localhost:7266/_framework/aspnetcore-browser-refresh.js - - - 200 11990 application/javascript;+charset=utf-8 6.3944ms
[2022-07-30 16:02:08.149 +03:00  INF]  Request finished HTTP/2 GET https://localhost:7266/_vs/browserLink - - - 200 - text/javascript;+charset=UTF-8 609.9060ms
[2022-07-30 16:02:08.364 +03:00  INF]  Request starting HTTP/2 GET https://localhost:7266/swagger/v1/swagger.json - -
[2022-07-30 16:02:09.140 +03:00  INF]  Request finished HTTP/2 GET https://localhost:7266/swagger/v1/swagger.json - - - 200 - application/json;charset=utf-8 775.4246ms
[2022-07-30 16:02:35.801 +03:00  INF]  Request starting HTTP/1.1 POST https://localhost:7266/api/User/Login application/json;+charset=utf-8 -
[2022-07-30 16:02:36.033 +03:00  INF]  Executing endpoint 'Controllers.UserController.Login (HRM.WebApi)'
[2022-07-30 16:02:36.076 +03:00  INF]  Route matched with {action = "Login", controller = "User"}. Executing controller action with signature System.Threading.Tasks.Task`1[Microsoft.AspNetCore.Mvc.IActionResult] Login(HRM.Models.LoginDto) on controller Controllers.UserController (HRM.WebApi).
[2022-07-30 16:02:37.698 +03:00  INF]  Entity Framework Core 6.0.6 initialized 'HrmContext' using provider 'Microsoft.EntityFrameworkCore.SqlServer:6.0.6' with options: None
[2022-07-30 16:02:38.869 +03:00  INF]  Executed DbCommand (56ms) [Parameters=[@__loginDto_UserName_0='?' (Size = 100)], CommandType='"Text"', CommandTimeout='30']
SELECT TOP(1) [u].[ID], [u].[CreationDate], [u].[Email], [u].[JobTitle], [u].[ManagerID], [u].[MobileNumber], [u].[Name], [u].[Password], [u].[Type]
FROM [Users] AS [u]
WHERE [u].[Email] = @__loginDto_UserName_0
[2022-07-30 16:02:39.047 +03:00  INF]  Executed DbCommand (7ms) [Parameters=[@__user_ManagerID_0='?' (DbType = Guid)], CommandType='"Text"', CommandTimeout='30']
SELECT TOP(1) [u].[ID], [u].[CreationDate], [u].[Email], [u].[JobTitle], [u].[ManagerID], [u].[MobileNumber], [u].[Name], [u].[Password], [u].[Type]
FROM [Users] AS [u]
WHERE ([u].[ID] = @__user_ManagerID_0) AND ([u].[Type] = 1)
[2022-07-30 16:02:39.269 +03:00  INF]  Executing OkObjectResult, writing value of type 'HRM.Models.LoginResponse'.
[2022-07-30 16:02:39.321 +03:00  INF]  Executed action Controllers.UserController.Login (HRM.WebApi) in 3231.2927ms
[2022-07-30 16:02:39.324 +03:00  INF]  Executed endpoint 'Controllers.UserController.Login (HRM.WebApi)'
[2022-07-30 16:02:39.337 +03:00  INF]  Request finished HTTP/1.1 POST https://localhost:7266/api/User/Login application/json;+charset=utf-8 - - 200 - application/json;+charset=utf-8 3536.8620ms
[2022-07-30 16:04:24.865 +03:00  INF]  User profile is available. Using 'C:\Users\kshah\AppData\Local\ASP.NET\DataProtection-Keys' as key repository and Windows DPAPI to encrypt keys at rest.
[2022-07-30 16:04:27.500 +03:00  INF]  Now listening on: https://localhost:7266
[2022-07-30 16:04:27.500 +03:00  INF]  Now listening on: http://localhost:5266
[2022-07-30 16:04:27.506 +03:00  INF]  Application started. Press Ctrl+C to shut down.
[2022-07-30 16:04:27.506 +03:00  INF]  Hosting environment: Development
[2022-07-30 16:04:27.506 +03:00  INF]  Content root path: C:\Users\kshah\OneDrive\Documents\GitHub\HRM\HRM.WebApi\
[2022-07-30 16:04:29.267 +03:00  INF]  Request starting HTTP/2 GET https://localhost:7266/swagger/index.html - -
[2022-07-30 16:04:30.008 +03:00  INF]  Request finished HTTP/2 GET https://localhost:7266/swagger/index.html - - - 200 - text/html;charset=utf-8 752.6456ms
[2022-07-30 16:04:30.282 +03:00  INF]  Request starting HTTP/2 GET https://localhost:7266/_framework/aspnetcore-browser-refresh.js - -
[2022-07-30 16:04:30.286 +03:00  INF]  Request finished HTTP/2 GET https://localhost:7266/_framework/aspnetcore-browser-refresh.js - - - 200 11990 application/javascript;+charset=utf-8 4.4697ms
[2022-07-30 16:04:30.287 +03:00  INF]  Request starting HTTP/2 GET https://localhost:7266/_vs/browserLink - -
[2022-07-30 16:04:30.389 +03:00  INF]  Request finished HTTP/2 GET https://localhost:7266/_vs/browserLink - - - 200 - text/javascript;+charset=UTF-8 102.1903ms
[2022-07-30 16:04:30.939 +03:00  INF]  Request starting HTTP/2 GET https://localhost:7266/swagger/v1/swagger.json - -
[2022-07-30 16:04:31.403 +03:00  INF]  Request finished HTTP/2 GET https://localhost:7266/swagger/v1/swagger.json - - - 200 - application/json;charset=utf-8 464.2162ms
[2022-07-30 16:04:55.531 +03:00  INF]  Request starting HTTP/1.1 POST https://localhost:7266/api/User/Login application/json;+charset=utf-8 -
[2022-07-30 16:04:55.767 +03:00  INF]  Executing endpoint 'Controllers.UserController.Login (HRM.WebApi)'
[2022-07-30 16:04:55.819 +03:00  INF]  Route matched with {action = "Login", controller = "User"}. Executing controller action with signature System.Threading.Tasks.Task`1[Microsoft.AspNetCore.Mvc.IActionResult] Login(HRM.Models.LoginDto) on controller Controllers.UserController (HRM.WebApi).
[2022-07-30 16:04:57.287 +03:00  INF]  Entity Framework Core 6.0.6 initialized 'HrmContext' using provider 'Microsoft.EntityFrameworkCore.SqlServer:6.0.6' with options: None
[2022-07-30 16:04:58.272 +03:00  INF]  Executed DbCommand (71ms) [Parameters=[@__loginDto_UserName_0='?' (Size = 100)], CommandType='"Text"', CommandTimeout='30']
SELECT TOP(1) [u].[ID], [u].[CreationDate], [u].[Email], [u].[JobTitle], [u].[ManagerID], [u].[MobileNumber], [u].[Name], [u].[Password], [u].[Type]
FROM [Users] AS [u]
WHERE [u].[Email] = @__loginDto_UserName_0
[2022-07-30 16:04:58.430 +03:00  INF]  Executed DbCommand (4ms) [Parameters=[@__user_ManagerID_0='?' (DbType = Guid)], CommandType='"Text"', CommandTimeout='30']
SELECT TOP(1) [u].[ID], [u].[CreationDate], [u].[Email], [u].[JobTitle], [u].[ManagerID], [u].[MobileNumber], [u].[Name], [u].[Password], [u].[Type]
FROM [Users] AS [u]
WHERE ([u].[ID] = @__user_ManagerID_0) AND ([u].[Type] = 1)
[2022-07-30 16:04:58.701 +03:00  INF]  Executing OkObjectResult, writing value of type 'HRM.Models.LoginResponse'.
[2022-07-30 16:04:58.743 +03:00  INF]  Executed action Controllers.UserController.Login (HRM.WebApi) in 2912.2754ms
[2022-07-30 16:04:58.743 +03:00  INF]  Executed endpoint 'Controllers.UserController.Login (HRM.WebApi)'
[2022-07-30 16:04:58.750 +03:00  INF]  Request finished HTTP/1.1 POST https://localhost:7266/api/User/Login application/json;+charset=utf-8 - - 200 - application/json;+charset=utf-8 3219.3810ms
[2022-07-30 16:05:01.764 +03:00  INF]  Request starting HTTP/1.1 POST https://localhost:7266/api/User/GetAll application/json;+charset=utf-8 -
[2022-07-30 16:05:01.885 +03:00  INF]  Executing endpoint 'Controllers.UserController.GetAll (HRM.WebApi)'
[2022-07-30 16:05:01.891 +03:00  INF]  Route matched with {action = "GetAll", controller = "User"}. Executing controller action with signature Microsoft.AspNetCore.Mvc.IActionResult GetAll(HRM.Models.UserPaging) on controller Controllers.UserController (HRM.WebApi).
[2022-07-30 16:05:01.904 +03:00  INF]  Entity Framework Core 6.0.6 initialized 'HrmContext' using provider 'Microsoft.EntityFrameworkCore.SqlServer:6.0.6' with options: None
[2022-07-30 16:05:01.912 +03:00  WRN]  The query uses a row limiting operator ('Skip'/'Take') without an 'OrderBy' operator. This may lead to unpredictable results. If the 'Distinct' operator is used after 'OrderBy', then make sure to use the 'OrderBy' operator after 'Distinct' as the ordering would otherwise get erased.
[2022-07-30 16:05:01.929 +03:00  WRN]  The query uses a row limiting operator ('Skip'/'Take') without an 'OrderBy' operator. This may lead to unpredictable results. If the 'Distinct' operator is used after 'OrderBy', then make sure to use the 'OrderBy' operator after 'Distinct' as the ordering would otherwise get erased.
[2022-07-30 16:05:01.948 +03:00  INF]  Executed DbCommand (5ms) [Parameters=[@__p_2='?' (DbType = Int32), @__p_0='?' (DbType = Int32), @__page_ManagerId_1='?' (DbType = Guid)], CommandType='"Text"', CommandTimeout='30']
SELECT TOP(@__p_2) [t].[ID], [t].[CreationDate], [t].[Email], [t].[JobTitle], [t].[ManagerID], [t].[MobileNumber], [t].[Name], [t].[Password], [t].[Type]
FROM (
    SELECT [u].[ID], [u].[CreationDate], [u].[Email], [u].[JobTitle], [u].[ManagerID], [u].[MobileNumber], [u].[Name], [u].[Password], [u].[Type]
    FROM [Users] AS [u]
    ORDER BY (SELECT 1)
    OFFSET @__p_0 ROWS
) AS [t]
WHERE ([t].[ManagerID] = @__page_ManagerId_1) AND ([t].[ID] <> @__page_ManagerId_1)
[2022-07-30 16:05:01.955 +03:00  INF]  Executed DbCommand (3ms) [Parameters=[@__i_ManagerID_0='?' (DbType = Guid)], CommandType='"Text"', CommandTimeout='30']
SELECT TOP(1) [u].[ID], [u].[CreationDate], [u].[Email], [u].[JobTitle], [u].[ManagerID], [u].[MobileNumber], [u].[Name], [u].[Password], [u].[Type]
FROM [Users] AS [u]
WHERE ([u].[ID] = @__i_ManagerID_0) AND ([u].[Type] = 1)
[2022-07-30 16:05:01.959 +03:00  INF]  Executed DbCommand (0ms) [Parameters=[@__i_ManagerID_0='?' (DbType = Guid)], CommandType='"Text"', CommandTimeout='30']
SELECT TOP(1) [u].[ID], [u].[CreationDate], [u].[Email], [u].[JobTitle], [u].[ManagerID], [u].[MobileNumber], [u].[Name], [u].[Password], [u].[Type]
FROM [Users] AS [u]
WHERE ([u].[ID] = @__i_ManagerID_0) AND ([u].[Type] = 1)
[2022-07-30 16:05:01.961 +03:00  INF]  Executing OkObjectResult, writing value of type 'HRM.Models.Response`1[[System.Collections.Generic.List`1[[HRM.Models.UserDto, HRM.Models, Version=1.0.0.0, Culture=neutral, PublicKeyToken=null]], System.Private.CoreLib, Version=6.0.0.0, Culture=neutral, PublicKeyToken=7cec85d7bea7798e]]'.
[2022-07-30 16:05:01.962 +03:00  INF]  Executed action Controllers.UserController.GetAll (HRM.WebApi) in 71.0716ms
[2022-07-30 16:05:01.962 +03:00  INF]  Executed endpoint 'Controllers.UserController.GetAll (HRM.WebApi)'
[2022-07-30 16:05:01.963 +03:00  INF]  Request finished HTTP/1.1 POST https://localhost:7266/api/User/GetAll application/json;+charset=utf-8 - - 200 - application/json;+charset=utf-8 198.9944ms
[2022-07-30 16:06:22.261 +03:00  INF]  User profile is available. Using 'C:\Users\kshah\AppData\Local\ASP.NET\DataProtection-Keys' as key repository and Windows DPAPI to encrypt keys at rest.
[2022-07-30 16:06:23.081 +03:00  INF]  Now listening on: https://localhost:7266
[2022-07-30 16:06:23.081 +03:00  INF]  Now listening on: http://localhost:5266
[2022-07-30 16:06:23.087 +03:00  INF]  Application started. Press Ctrl+C to shut down.
[2022-07-30 16:06:23.087 +03:00  INF]  Hosting environment: Development
[2022-07-30 16:06:23.088 +03:00  INF]  Content root path: C:\Users\kshah\OneDrive\Documents\GitHub\HRM\HRM.WebApi\
[2022-07-30 16:06:25.847 +03:00  INF]  Request starting HTTP/2 GET https://localhost:7266/swagger/index.html - -
[2022-07-30 16:06:26.503 +03:00  INF]  Request finished HTTP/2 GET https://localhost:7266/swagger/index.html - - - 200 - text/html;charset=utf-8 664.6740ms
[2022-07-30 16:06:29.750 +03:00  INF]  Request starting HTTP/2 GET https://localhost:7266/_framework/aspnetcore-browser-refresh.js - -
[2022-07-30 16:06:29.758 +03:00  INF]  Request finished HTTP/2 GET https://localhost:7266/_framework/aspnetcore-browser-refresh.js - - - 200 11990 application/javascript;+charset=utf-8 8.1786ms
[2022-07-30 16:06:30.018 +03:00  INF]  Request starting HTTP/2 GET https://localhost:7266/_vs/browserLink - -
[2022-07-30 16:06:30.061 +03:00  INF]  Request finished HTTP/2 GET https://localhost:7266/_vs/browserLink - - - 200 - text/javascript;+charset=UTF-8 42.4584ms
[2022-07-30 16:06:30.682 +03:00  INF]  Request starting HTTP/2 GET https://localhost:7266/swagger/v1/swagger.json - -
[2022-07-30 16:06:30.946 +03:00  INF]  Request finished HTTP/2 GET https://localhost:7266/swagger/v1/swagger.json - - - 200 - application/json;charset=utf-8 265.1749ms
[2022-07-30 16:06:41.166 +03:00  INF]  Request starting HTTP/1.1 POST https://localhost:7266/api/User/Login application/json;+charset=utf-8 -
[2022-07-30 16:06:41.311 +03:00  INF]  Executing endpoint 'Controllers.UserController.Login (HRM.WebApi)'
[2022-07-30 16:06:41.361 +03:00  INF]  Route matched with {action = "Login", controller = "User"}. Executing controller action with signature System.Threading.Tasks.Task`1[Microsoft.AspNetCore.Mvc.IActionResult] Login(HRM.Models.LoginDto) on controller Controllers.UserController (HRM.WebApi).
[2022-07-30 16:06:42.697 +03:00  INF]  Entity Framework Core 6.0.6 initialized 'HrmContext' using provider 'Microsoft.EntityFrameworkCore.SqlServer:6.0.6' with options: None
[2022-07-30 16:06:43.522 +03:00  INF]  Executed DbCommand (56ms) [Parameters=[@__loginDto_UserName_0='?' (Size = 100)], CommandType='"Text"', CommandTimeout='30']
SELECT TOP(1) [u].[ID], [u].[CreationDate], [u].[Email], [u].[JobTitle], [u].[ManagerID], [u].[MobileNumber], [u].[Name], [u].[Password], [u].[Type]
FROM [Users] AS [u]
WHERE [u].[Email] = @__loginDto_UserName_0
[2022-07-30 16:06:43.687 +03:00  INF]  Executed DbCommand (7ms) [Parameters=[@__user_ManagerID_0='?' (DbType = Guid)], CommandType='"Text"', CommandTimeout='30']
SELECT TOP(1) [u].[ID], [u].[CreationDate], [u].[Email], [u].[JobTitle], [u].[ManagerID], [u].[MobileNumber], [u].[Name], [u].[Password], [u].[Type]
FROM [Users] AS [u]
WHERE ([u].[ID] = @__user_ManagerID_0) AND ([u].[Type] = 1)
[2022-07-30 16:06:43.908 +03:00  INF]  Executing OkObjectResult, writing value of type 'HRM.Models.LoginResponse'.
[2022-07-30 16:06:43.939 +03:00  INF]  Executed action Controllers.UserController.Login (HRM.WebApi) in 2569.4593ms
[2022-07-30 16:06:43.939 +03:00  INF]  Executed endpoint 'Controllers.UserController.Login (HRM.WebApi)'
[2022-07-30 16:06:43.947 +03:00  INF]  Request finished HTTP/1.1 POST https://localhost:7266/api/User/Login application/json;+charset=utf-8 - - 200 - application/json;+charset=utf-8 2780.7551ms
